<?xml version="1.0" encoding="utf-8"?>
<testsuites>
<testsuite package="org.eslint" time="0" tests="1" errors="0" name="/Users/fish/Desktop/17313/svelte_p/packages/svelte/rollup.config.js">
<testcase time="0" name="/Users/fish/Desktop/17313/svelte_p/packages/svelte/rollup.config.js" classname="/Users/fish/Desktop/17313/svelte_p/packages/svelte/rollup.config" />
</testsuite>
<testsuite package="org.eslint" time="0" tests="1" errors="0" name="/Users/fish/Desktop/17313/svelte_p/packages/svelte/scripts/check-treeshakeability.js">
<testcase time="0" name="/Users/fish/Desktop/17313/svelte_p/packages/svelte/scripts/check-treeshakeability.js" classname="/Users/fish/Desktop/17313/svelte_p/packages/svelte/scripts/check-treeshakeability" />
</testsuite>
<testsuite package="org.eslint" time="0" tests="1" errors="0" name="/Users/fish/Desktop/17313/svelte_p/packages/svelte/scripts/generate-types.js">
<testcase time="0" name="/Users/fish/Desktop/17313/svelte_p/packages/svelte/scripts/generate-types.js" classname="/Users/fish/Desktop/17313/svelte_p/packages/svelte/scripts/generate-types" />
</testsuite>
<testsuite package="org.eslint" time="0" tests="1" errors="0" name="/Users/fish/Desktop/17313/svelte_p/packages/svelte/scripts/generate-version.js">
<testcase time="0" name="/Users/fish/Desktop/17313/svelte_p/packages/svelte/scripts/generate-version.js" classname="/Users/fish/Desktop/17313/svelte_p/packages/svelte/scripts/generate-version" />
</testsuite>
<testsuite package="org.eslint" time="0" tests="1" errors="0" name="/Users/fish/Desktop/17313/svelte_p/packages/svelte/scripts/process-messages/index.js">
<testcase time="0" name="/Users/fish/Desktop/17313/svelte_p/packages/svelte/scripts/process-messages/index.js" classname="/Users/fish/Desktop/17313/svelte_p/packages/svelte/scripts/process-messages/index" />
</testsuite>
<testsuite package="org.eslint" time="0" tests="1" errors="0" name="/Users/fish/Desktop/17313/svelte_p/packages/svelte/src/animate/index.js">
<testcase time="0" name="/Users/fish/Desktop/17313/svelte_p/packages/svelte/src/animate/index.js" classname="/Users/fish/Desktop/17313/svelte_p/packages/svelte/src/animate/index" />
</testsuite>
<testsuite package="org.eslint" time="0" tests="1" errors="0" name="/Users/fish/Desktop/17313/svelte_p/packages/svelte/src/attachments/index.js">
<testcase time="0" name="/Users/fish/Desktop/17313/svelte_p/packages/svelte/src/attachments/index.js" classname="/Users/fish/Desktop/17313/svelte_p/packages/svelte/src/attachments/index" />
</testsuite>
<testsuite package="org.eslint" time="0" tests="1" errors="0" name="/Users/fish/Desktop/17313/svelte_p/packages/svelte/src/compiler/index.js">
<testcase time="0" name="/Users/fish/Desktop/17313/svelte_p/packages/svelte/src/compiler/index.js" classname="/Users/fish/Desktop/17313/svelte_p/packages/svelte/src/compiler/index" />
</testsuite>
<testsuite package="org.eslint" time="0" tests="1" errors="0" name="/Users/fish/Desktop/17313/svelte_p/packages/svelte/src/compiler/legacy.js">
<testcase time="0" name="/Users/fish/Desktop/17313/svelte_p/packages/svelte/src/compiler/legacy.js" classname="/Users/fish/Desktop/17313/svelte_p/packages/svelte/src/compiler/legacy" />
</testsuite>
<testsuite package="org.eslint" time="0" tests="1" errors="0" name="/Users/fish/Desktop/17313/svelte_p/packages/svelte/src/compiler/migrate/index.js">
<testcase time="0" name="/Users/fish/Desktop/17313/svelte_p/packages/svelte/src/compiler/migrate/index.js" classname="/Users/fish/Desktop/17313/svelte_p/packages/svelte/src/compiler/migrate/index" />
</testsuite>
<testsuite package="org.eslint" time="0" tests="1" errors="0" name="/Users/fish/Desktop/17313/svelte_p/packages/svelte/src/compiler/phases/1-parse/acorn.js">
<testcase time="0" name="/Users/fish/Desktop/17313/svelte_p/packages/svelte/src/compiler/phases/1-parse/acorn.js" classname="/Users/fish/Desktop/17313/svelte_p/packages/svelte/src/compiler/phases/1-parse/acorn" />
</testsuite>
<testsuite package="org.eslint" time="0" tests="1" errors="0" name="/Users/fish/Desktop/17313/svelte_p/packages/svelte/src/compiler/phases/1-parse/index.js">
<testcase time="0" name="/Users/fish/Desktop/17313/svelte_p/packages/svelte/src/compiler/phases/1-parse/index.js" classname="/Users/fish/Desktop/17313/svelte_p/packages/svelte/src/compiler/phases/1-parse/index" />
</testsuite>
<testsuite package="org.eslint" time="0" tests="1" errors="0" name="/Users/fish/Desktop/17313/svelte_p/packages/svelte/src/compiler/phases/1-parse/read/context.js">
<testcase time="0" name="/Users/fish/Desktop/17313/svelte_p/packages/svelte/src/compiler/phases/1-parse/read/context.js" classname="/Users/fish/Desktop/17313/svelte_p/packages/svelte/src/compiler/phases/1-parse/read/context" />
</testsuite>
<testsuite package="org.eslint" time="0" tests="1" errors="0" name="/Users/fish/Desktop/17313/svelte_p/packages/svelte/src/compiler/phases/1-parse/read/expression.js">
<testcase time="0" name="/Users/fish/Desktop/17313/svelte_p/packages/svelte/src/compiler/phases/1-parse/read/expression.js" classname="/Users/fish/Desktop/17313/svelte_p/packages/svelte/src/compiler/phases/1-parse/read/expression" />
</testsuite>
<testsuite package="org.eslint" time="0" tests="1" errors="0" name="/Users/fish/Desktop/17313/svelte_p/packages/svelte/src/compiler/phases/1-parse/read/options.js">
<testcase time="0" name="/Users/fish/Desktop/17313/svelte_p/packages/svelte/src/compiler/phases/1-parse/read/options.js" classname="/Users/fish/Desktop/17313/svelte_p/packages/svelte/src/compiler/phases/1-parse/read/options" />
</testsuite>
<testsuite package="org.eslint" time="0" tests="1" errors="0" name="/Users/fish/Desktop/17313/svelte_p/packages/svelte/src/compiler/phases/1-parse/read/script.js">
<testcase time="0" name="/Users/fish/Desktop/17313/svelte_p/packages/svelte/src/compiler/phases/1-parse/read/script.js" classname="/Users/fish/Desktop/17313/svelte_p/packages/svelte/src/compiler/phases/1-parse/read/script" />
</testsuite>
<testsuite package="org.eslint" time="0" tests="1" errors="0" name="/Users/fish/Desktop/17313/svelte_p/packages/svelte/src/compiler/phases/1-parse/read/style.js">
<testcase time="0" name="/Users/fish/Desktop/17313/svelte_p/packages/svelte/src/compiler/phases/1-parse/read/style.js" classname="/Users/fish/Desktop/17313/svelte_p/packages/svelte/src/compiler/phases/1-parse/read/style" />
</testsuite>
<testsuite package="org.eslint" time="0" tests="1" errors="0" name="/Users/fish/Desktop/17313/svelte_p/packages/svelte/src/compiler/phases/1-parse/remove_typescript_nodes.js">
<testcase time="0" name="/Users/fish/Desktop/17313/svelte_p/packages/svelte/src/compiler/phases/1-parse/remove_typescript_nodes.js" classname="/Users/fish/Desktop/17313/svelte_p/packages/svelte/src/compiler/phases/1-parse/remove_typescript_nodes" />
</testsuite>
<testsuite package="org.eslint" time="0" tests="1" errors="0" name="/Users/fish/Desktop/17313/svelte_p/packages/svelte/src/compiler/phases/1-parse/state/element.js">
<testcase time="0" name="/Users/fish/Desktop/17313/svelte_p/packages/svelte/src/compiler/phases/1-parse/state/element.js" classname="/Users/fish/Desktop/17313/svelte_p/packages/svelte/src/compiler/phases/1-parse/state/element" />
</testsuite>
<testsuite package="org.eslint" time="0" tests="1" errors="0" name="/Users/fish/Desktop/17313/svelte_p/packages/svelte/src/compiler/phases/1-parse/state/fragment.js">
<testcase time="0" name="/Users/fish/Desktop/17313/svelte_p/packages/svelte/src/compiler/phases/1-parse/state/fragment.js" classname="/Users/fish/Desktop/17313/svelte_p/packages/svelte/src/compiler/phases/1-parse/state/fragment" />
</testsuite>
<testsuite package="org.eslint" time="0" tests="1" errors="0" name="/Users/fish/Desktop/17313/svelte_p/packages/svelte/src/compiler/phases/1-parse/state/tag.js">
<testcase time="0" name="/Users/fish/Desktop/17313/svelte_p/packages/svelte/src/compiler/phases/1-parse/state/tag.js" classname="/Users/fish/Desktop/17313/svelte_p/packages/svelte/src/compiler/phases/1-parse/state/tag" />
</testsuite>
<testsuite package="org.eslint" time="0" tests="1" errors="0" name="/Users/fish/Desktop/17313/svelte_p/packages/svelte/src/compiler/phases/1-parse/state/text.js">
<testcase time="0" name="/Users/fish/Desktop/17313/svelte_p/packages/svelte/src/compiler/phases/1-parse/state/text.js" classname="/Users/fish/Desktop/17313/svelte_p/packages/svelte/src/compiler/phases/1-parse/state/text" />
</testsuite>
<testsuite package="org.eslint" time="0" tests="1" errors="0" name="/Users/fish/Desktop/17313/svelte_p/packages/svelte/src/compiler/phases/1-parse/utils/bracket.js">
<testcase time="0" name="/Users/fish/Desktop/17313/svelte_p/packages/svelte/src/compiler/phases/1-parse/utils/bracket.js" classname="/Users/fish/Desktop/17313/svelte_p/packages/svelte/src/compiler/phases/1-parse/utils/bracket" />
</testsuite>
<testsuite package="org.eslint" time="0" tests="1" errors="0" name="/Users/fish/Desktop/17313/svelte_p/packages/svelte/src/compiler/phases/1-parse/utils/create.js">
<testcase time="0" name="/Users/fish/Desktop/17313/svelte_p/packages/svelte/src/compiler/phases/1-parse/utils/create.js" classname="/Users/fish/Desktop/17313/svelte_p/packages/svelte/src/compiler/phases/1-parse/utils/create" />
</testsuite>
<testsuite package="org.eslint" time="0" tests="1" errors="0" name="/Users/fish/Desktop/17313/svelte_p/packages/svelte/src/compiler/phases/1-parse/utils/entities.js">
<testcase time="0" name="/Users/fish/Desktop/17313/svelte_p/packages/svelte/src/compiler/phases/1-parse/utils/entities.js" classname="/Users/fish/Desktop/17313/svelte_p/packages/svelte/src/compiler/phases/1-parse/utils/entities" />
</testsuite>
<testsuite package="org.eslint" time="0" tests="1" errors="0" name="/Users/fish/Desktop/17313/svelte_p/packages/svelte/src/compiler/phases/1-parse/utils/fuzzymatch.js">
<testcase time="0" name="/Users/fish/Desktop/17313/svelte_p/packages/svelte/src/compiler/phases/1-parse/utils/fuzzymatch.js" classname="/Users/fish/Desktop/17313/svelte_p/packages/svelte/src/compiler/phases/1-parse/utils/fuzzymatch" />
</testsuite>
<testsuite package="org.eslint" time="0" tests="1" errors="0" name="/Users/fish/Desktop/17313/svelte_p/packages/svelte/src/compiler/phases/1-parse/utils/html.js">
<testcase time="0" name="/Users/fish/Desktop/17313/svelte_p/packages/svelte/src/compiler/phases/1-parse/utils/html.js" classname="/Users/fish/Desktop/17313/svelte_p/packages/svelte/src/compiler/phases/1-parse/utils/html" />
</testsuite>
<testsuite package="org.eslint" time="0" tests="1" errors="0" name="/Users/fish/Desktop/17313/svelte_p/packages/svelte/src/compiler/phases/2-analyze/css/css-analyze.js">
<testcase time="0" name="/Users/fish/Desktop/17313/svelte_p/packages/svelte/src/compiler/phases/2-analyze/css/css-analyze.js" classname="/Users/fish/Desktop/17313/svelte_p/packages/svelte/src/compiler/phases/2-analyze/css/css-analyze" />
</testsuite>
<testsuite package="org.eslint" time="0" tests="1" errors="0" name="/Users/fish/Desktop/17313/svelte_p/packages/svelte/src/compiler/phases/2-analyze/css/css-prune.js">
<testcase time="0" name="/Users/fish/Desktop/17313/svelte_p/packages/svelte/src/compiler/phases/2-analyze/css/css-prune.js" classname="/Users/fish/Desktop/17313/svelte_p/packages/svelte/src/compiler/phases/2-analyze/css/css-prune" />
</testsuite>
<testsuite package="org.eslint" time="0" tests="1" errors="0" name="/Users/fish/Desktop/17313/svelte_p/packages/svelte/src/compiler/phases/2-analyze/css/css-warn.js">
<testcase time="0" name="/Users/fish/Desktop/17313/svelte_p/packages/svelte/src/compiler/phases/2-analyze/css/css-warn.js" classname="/Users/fish/Desktop/17313/svelte_p/packages/svelte/src/compiler/phases/2-analyze/css/css-warn" />
</testsuite>
<testsuite package="org.eslint" time="0" tests="1" errors="0" name="/Users/fish/Desktop/17313/svelte_p/packages/svelte/src/compiler/phases/2-analyze/css/utils.js">
<testcase time="0" name="/Users/fish/Desktop/17313/svelte_p/packages/svelte/src/compiler/phases/2-analyze/css/utils.js" classname="/Users/fish/Desktop/17313/svelte_p/packages/svelte/src/compiler/phases/2-analyze/css/utils" />
</testsuite>
<testsuite package="org.eslint" time="0" tests="1" errors="0" name="/Users/fish/Desktop/17313/svelte_p/packages/svelte/src/compiler/phases/2-analyze/index.js">
<testcase time="0" name="/Users/fish/Desktop/17313/svelte_p/packages/svelte/src/compiler/phases/2-analyze/index.js" classname="/Users/fish/Desktop/17313/svelte_p/packages/svelte/src/compiler/phases/2-analyze/index" />
</testsuite>
<testsuite package="org.eslint" time="0" tests="1" errors="0" name="/Users/fish/Desktop/17313/svelte_p/packages/svelte/src/compiler/phases/2-analyze/utils/check_graph_for_cycles.js">
<testcase time="0" name="/Users/fish/Desktop/17313/svelte_p/packages/svelte/src/compiler/phases/2-analyze/utils/check_graph_for_cycles.js" classname="/Users/fish/Desktop/17313/svelte_p/packages/svelte/src/compiler/phases/2-analyze/utils/check_graph_for_cycles" />
</testsuite>
<testsuite package="org.eslint" time="0" tests="1" errors="0" name="/Users/fish/Desktop/17313/svelte_p/packages/svelte/src/compiler/phases/2-analyze/visitors/AnimateDirective.js">
<testcase time="0" name="/Users/fish/Desktop/17313/svelte_p/packages/svelte/src/compiler/phases/2-analyze/visitors/AnimateDirective.js" classname="/Users/fish/Desktop/17313/svelte_p/packages/svelte/src/compiler/phases/2-analyze/visitors/AnimateDirective" />
</testsuite>
<testsuite package="org.eslint" time="0" tests="1" errors="0" name="/Users/fish/Desktop/17313/svelte_p/packages/svelte/src/compiler/phases/2-analyze/visitors/ArrowFunctionExpression.js">
<testcase time="0" name="/Users/fish/Desktop/17313/svelte_p/packages/svelte/src/compiler/phases/2-analyze/visitors/ArrowFunctionExpression.js" classname="/Users/fish/Desktop/17313/svelte_p/packages/svelte/src/compiler/phases/2-analyze/visitors/ArrowFunctionExpression" />
</testsuite>
<testsuite package="org.eslint" time="0" tests="1" errors="0" name="/Users/fish/Desktop/17313/svelte_p/packages/svelte/src/compiler/phases/2-analyze/visitors/AssignmentExpression.js">
<testcase time="0" name="/Users/fish/Desktop/17313/svelte_p/packages/svelte/src/compiler/phases/2-analyze/visitors/AssignmentExpression.js" classname="/Users/fish/Desktop/17313/svelte_p/packages/svelte/src/compiler/phases/2-analyze/visitors/AssignmentExpression" />
</testsuite>
<testsuite package="org.eslint" time="0" tests="1" errors="0" name="/Users/fish/Desktop/17313/svelte_p/packages/svelte/src/compiler/phases/2-analyze/visitors/AttachTag.js">
<testcase time="0" name="/Users/fish/Desktop/17313/svelte_p/packages/svelte/src/compiler/phases/2-analyze/visitors/AttachTag.js" classname="/Users/fish/Desktop/17313/svelte_p/packages/svelte/src/compiler/phases/2-analyze/visitors/AttachTag" />
</testsuite>
<testsuite package="org.eslint" time="0" tests="1" errors="0" name="/Users/fish/Desktop/17313/svelte_p/packages/svelte/src/compiler/phases/2-analyze/visitors/Attribute.js">
<testcase time="0" name="/Users/fish/Desktop/17313/svelte_p/packages/svelte/src/compiler/phases/2-analyze/visitors/Attribute.js" classname="/Users/fish/Desktop/17313/svelte_p/packages/svelte/src/compiler/phases/2-analyze/visitors/Attribute" />
</testsuite>
<testsuite package="org.eslint" time="0" tests="1" errors="0" name="/Users/fish/Desktop/17313/svelte_p/packages/svelte/src/compiler/phases/2-analyze/visitors/AwaitBlock.js">
<testcase time="0" name="/Users/fish/Desktop/17313/svelte_p/packages/svelte/src/compiler/phases/2-analyze/visitors/AwaitBlock.js" classname="/Users/fish/Desktop/17313/svelte_p/packages/svelte/src/compiler/phases/2-analyze/visitors/AwaitBlock" />
</testsuite>
<testsuite package="org.eslint" time="0" tests="1" errors="0" name="/Users/fish/Desktop/17313/svelte_p/packages/svelte/src/compiler/phases/2-analyze/visitors/AwaitExpression.js">
<testcase time="0" name="/Users/fish/Desktop/17313/svelte_p/packages/svelte/src/compiler/phases/2-analyze/visitors/AwaitExpression.js" classname="/Users/fish/Desktop/17313/svelte_p/packages/svelte/src/compiler/phases/2-analyze/visitors/AwaitExpression" />
</testsuite>
<testsuite package="org.eslint" time="0" tests="1" errors="0" name="/Users/fish/Desktop/17313/svelte_p/packages/svelte/src/compiler/phases/2-analyze/visitors/BindDirective.js">
<testcase time="0" name="/Users/fish/Desktop/17313/svelte_p/packages/svelte/src/compiler/phases/2-analyze/visitors/BindDirective.js" classname="/Users/fish/Desktop/17313/svelte_p/packages/svelte/src/compiler/phases/2-analyze/visitors/BindDirective" />
</testsuite>
<testsuite package="org.eslint" time="0" tests="1" errors="0" name="/Users/fish/Desktop/17313/svelte_p/packages/svelte/src/compiler/phases/2-analyze/visitors/CallExpression.js">
<testcase time="0" name="/Users/fish/Desktop/17313/svelte_p/packages/svelte/src/compiler/phases/2-analyze/visitors/CallExpression.js" classname="/Users/fish/Desktop/17313/svelte_p/packages/svelte/src/compiler/phases/2-analyze/visitors/CallExpression" />
</testsuite>
<testsuite package="org.eslint" time="0" tests="1" errors="0" name="/Users/fish/Desktop/17313/svelte_p/packages/svelte/src/compiler/phases/2-analyze/visitors/ClassBody.js">
<testcase time="0" name="/Users/fish/Desktop/17313/svelte_p/packages/svelte/src/compiler/phases/2-analyze/visitors/ClassBody.js" classname="/Users/fish/Desktop/17313/svelte_p/packages/svelte/src/compiler/phases/2-analyze/visitors/ClassBody" />
</testsuite>
<testsuite package="org.eslint" time="0" tests="1" errors="0" name="/Users/fish/Desktop/17313/svelte_p/packages/svelte/src/compiler/phases/2-analyze/visitors/ClassDeclaration.js">
<testcase time="0" name="/Users/fish/Desktop/17313/svelte_p/packages/svelte/src/compiler/phases/2-analyze/visitors/ClassDeclaration.js" classname="/Users/fish/Desktop/17313/svelte_p/packages/svelte/src/compiler/phases/2-analyze/visitors/ClassDeclaration" />
</testsuite>
<testsuite package="org.eslint" time="0" tests="1" errors="0" name="/Users/fish/Desktop/17313/svelte_p/packages/svelte/src/compiler/phases/2-analyze/visitors/ClassDirective.js">
<testcase time="0" name="/Users/fish/Desktop/17313/svelte_p/packages/svelte/src/compiler/phases/2-analyze/visitors/ClassDirective.js" classname="/Users/fish/Desktop/17313/svelte_p/packages/svelte/src/compiler/phases/2-analyze/visitors/ClassDirective" />
</testsuite>
<testsuite package="org.eslint" time="0" tests="1" errors="0" name="/Users/fish/Desktop/17313/svelte_p/packages/svelte/src/compiler/phases/2-analyze/visitors/Component.js">
<testcase time="0" name="/Users/fish/Desktop/17313/svelte_p/packages/svelte/src/compiler/phases/2-analyze/visitors/Component.js" classname="/Users/fish/Desktop/17313/svelte_p/packages/svelte/src/compiler/phases/2-analyze/visitors/Component" />
</testsuite>
<testsuite package="org.eslint" time="0" tests="1" errors="0" name="/Users/fish/Desktop/17313/svelte_p/packages/svelte/src/compiler/phases/2-analyze/visitors/ConstTag.js">
<testcase time="0" name="/Users/fish/Desktop/17313/svelte_p/packages/svelte/src/compiler/phases/2-analyze/visitors/ConstTag.js" classname="/Users/fish/Desktop/17313/svelte_p/packages/svelte/src/compiler/phases/2-analyze/visitors/ConstTag" />
</testsuite>
<testsuite package="org.eslint" time="0" tests="1" errors="0" name="/Users/fish/Desktop/17313/svelte_p/packages/svelte/src/compiler/phases/2-analyze/visitors/DebugTag.js">
<testcase time="0" name="/Users/fish/Desktop/17313/svelte_p/packages/svelte/src/compiler/phases/2-analyze/visitors/DebugTag.js" classname="/Users/fish/Desktop/17313/svelte_p/packages/svelte/src/compiler/phases/2-analyze/visitors/DebugTag" />
</testsuite>
<testsuite package="org.eslint" time="0" tests="1" errors="0" name="/Users/fish/Desktop/17313/svelte_p/packages/svelte/src/compiler/phases/2-analyze/visitors/EachBlock.js">
<testcase time="0" name="/Users/fish/Desktop/17313/svelte_p/packages/svelte/src/compiler/phases/2-analyze/visitors/EachBlock.js" classname="/Users/fish/Desktop/17313/svelte_p/packages/svelte/src/compiler/phases/2-analyze/visitors/EachBlock" />
</testsuite>
<testsuite package="org.eslint" time="0" tests="1" errors="0" name="/Users/fish/Desktop/17313/svelte_p/packages/svelte/src/compiler/phases/2-analyze/visitors/ExportDefaultDeclaration.js">
<testcase time="0" name="/Users/fish/Desktop/17313/svelte_p/packages/svelte/src/compiler/phases/2-analyze/visitors/ExportDefaultDeclaration.js" classname="/Users/fish/Desktop/17313/svelte_p/packages/svelte/src/compiler/phases/2-analyze/visitors/ExportDefaultDeclaration" />
</testsuite>
<testsuite package="org.eslint" time="0" tests="1" errors="0" name="/Users/fish/Desktop/17313/svelte_p/packages/svelte/src/compiler/phases/2-analyze/visitors/ExportNamedDeclaration.js">
<testcase time="0" name="/Users/fish/Desktop/17313/svelte_p/packages/svelte/src/compiler/phases/2-analyze/visitors/ExportNamedDeclaration.js" classname="/Users/fish/Desktop/17313/svelte_p/packages/svelte/src/compiler/phases/2-analyze/visitors/ExportNamedDeclaration" />
</testsuite>
<testsuite package="org.eslint" time="0" tests="1" errors="0" name="/Users/fish/Desktop/17313/svelte_p/packages/svelte/src/compiler/phases/2-analyze/visitors/ExportSpecifier.js">
<testcase time="0" name="/Users/fish/Desktop/17313/svelte_p/packages/svelte/src/compiler/phases/2-analyze/visitors/ExportSpecifier.js" classname="/Users/fish/Desktop/17313/svelte_p/packages/svelte/src/compiler/phases/2-analyze/visitors/ExportSpecifier" />
</testsuite>
<testsuite package="org.eslint" time="0" tests="1" errors="0" name="/Users/fish/Desktop/17313/svelte_p/packages/svelte/src/compiler/phases/2-analyze/visitors/ExpressionStatement.js">
<testcase time="0" name="/Users/fish/Desktop/17313/svelte_p/packages/svelte/src/compiler/phases/2-analyze/visitors/ExpressionStatement.js" classname="/Users/fish/Desktop/17313/svelte_p/packages/svelte/src/compiler/phases/2-analyze/visitors/ExpressionStatement" />
</testsuite>
<testsuite package="org.eslint" time="0" tests="1" errors="0" name="/Users/fish/Desktop/17313/svelte_p/packages/svelte/src/compiler/phases/2-analyze/visitors/ExpressionTag.js">
<testcase time="0" name="/Users/fish/Desktop/17313/svelte_p/packages/svelte/src/compiler/phases/2-analyze/visitors/ExpressionTag.js" classname="/Users/fish/Desktop/17313/svelte_p/packages/svelte/src/compiler/phases/2-analyze/visitors/ExpressionTag" />
</testsuite>
<testsuite package="org.eslint" time="0" tests="1" errors="0" name="/Users/fish/Desktop/17313/svelte_p/packages/svelte/src/compiler/phases/2-analyze/visitors/Fragment.js">
<testcase time="0" name="/Users/fish/Desktop/17313/svelte_p/packages/svelte/src/compiler/phases/2-analyze/visitors/Fragment.js" classname="/Users/fish/Desktop/17313/svelte_p/packages/svelte/src/compiler/phases/2-analyze/visitors/Fragment" />
</testsuite>
<testsuite package="org.eslint" time="0" tests="1" errors="0" name="/Users/fish/Desktop/17313/svelte_p/packages/svelte/src/compiler/phases/2-analyze/visitors/FunctionDeclaration.js">
<testcase time="0" name="/Users/fish/Desktop/17313/svelte_p/packages/svelte/src/compiler/phases/2-analyze/visitors/FunctionDeclaration.js" classname="/Users/fish/Desktop/17313/svelte_p/packages/svelte/src/compiler/phases/2-analyze/visitors/FunctionDeclaration" />
</testsuite>
<testsuite package="org.eslint" time="0" tests="1" errors="0" name="/Users/fish/Desktop/17313/svelte_p/packages/svelte/src/compiler/phases/2-analyze/visitors/FunctionExpression.js">
<testcase time="0" name="/Users/fish/Desktop/17313/svelte_p/packages/svelte/src/compiler/phases/2-analyze/visitors/FunctionExpression.js" classname="/Users/fish/Desktop/17313/svelte_p/packages/svelte/src/compiler/phases/2-analyze/visitors/FunctionExpression" />
</testsuite>
<testsuite package="org.eslint" time="0" tests="1" errors="0" name="/Users/fish/Desktop/17313/svelte_p/packages/svelte/src/compiler/phases/2-analyze/visitors/HtmlTag.js">
<testcase time="0" name="/Users/fish/Desktop/17313/svelte_p/packages/svelte/src/compiler/phases/2-analyze/visitors/HtmlTag.js" classname="/Users/fish/Desktop/17313/svelte_p/packages/svelte/src/compiler/phases/2-analyze/visitors/HtmlTag" />
</testsuite>
<testsuite package="org.eslint" time="0" tests="1" errors="0" name="/Users/fish/Desktop/17313/svelte_p/packages/svelte/src/compiler/phases/2-analyze/visitors/Identifier.js">
<testcase time="0" name="/Users/fish/Desktop/17313/svelte_p/packages/svelte/src/compiler/phases/2-analyze/visitors/Identifier.js" classname="/Users/fish/Desktop/17313/svelte_p/packages/svelte/src/compiler/phases/2-analyze/visitors/Identifier" />
</testsuite>
<testsuite package="org.eslint" time="0" tests="1" errors="0" name="/Users/fish/Desktop/17313/svelte_p/packages/svelte/src/compiler/phases/2-analyze/visitors/IfBlock.js">
<testcase time="0" name="/Users/fish/Desktop/17313/svelte_p/packages/svelte/src/compiler/phases/2-analyze/visitors/IfBlock.js" classname="/Users/fish/Desktop/17313/svelte_p/packages/svelte/src/compiler/phases/2-analyze/visitors/IfBlock" />
</testsuite>
<testsuite package="org.eslint" time="0" tests="1" errors="0" name="/Users/fish/Desktop/17313/svelte_p/packages/svelte/src/compiler/phases/2-analyze/visitors/ImportDeclaration.js">
<testcase time="0" name="/Users/fish/Desktop/17313/svelte_p/packages/svelte/src/compiler/phases/2-analyze/visitors/ImportDeclaration.js" classname="/Users/fish/Desktop/17313/svelte_p/packages/svelte/src/compiler/phases/2-analyze/visitors/ImportDeclaration" />
</testsuite>
<testsuite package="org.eslint" time="0" tests="1" errors="0" name="/Users/fish/Desktop/17313/svelte_p/packages/svelte/src/compiler/phases/2-analyze/visitors/KeyBlock.js">
<testcase time="0" name="/Users/fish/Desktop/17313/svelte_p/packages/svelte/src/compiler/phases/2-analyze/visitors/KeyBlock.js" classname="/Users/fish/Desktop/17313/svelte_p/packages/svelte/src/compiler/phases/2-analyze/visitors/KeyBlock" />
</testsuite>
<testsuite package="org.eslint" time="0" tests="1" errors="0" name="/Users/fish/Desktop/17313/svelte_p/packages/svelte/src/compiler/phases/2-analyze/visitors/LabeledStatement.js">
<testcase time="0" name="/Users/fish/Desktop/17313/svelte_p/packages/svelte/src/compiler/phases/2-analyze/visitors/LabeledStatement.js" classname="/Users/fish/Desktop/17313/svelte_p/packages/svelte/src/compiler/phases/2-analyze/visitors/LabeledStatement" />
</testsuite>
<testsuite package="org.eslint" time="0" tests="1" errors="0" name="/Users/fish/Desktop/17313/svelte_p/packages/svelte/src/compiler/phases/2-analyze/visitors/LetDirective.js">
<testcase time="0" name="/Users/fish/Desktop/17313/svelte_p/packages/svelte/src/compiler/phases/2-analyze/visitors/LetDirective.js" classname="/Users/fish/Desktop/17313/svelte_p/packages/svelte/src/compiler/phases/2-analyze/visitors/LetDirective" />
</testsuite>
<testsuite package="org.eslint" time="0" tests="1" errors="0" name="/Users/fish/Desktop/17313/svelte_p/packages/svelte/src/compiler/phases/2-analyze/visitors/Literal.js">
<testcase time="0" name="/Users/fish/Desktop/17313/svelte_p/packages/svelte/src/compiler/phases/2-analyze/visitors/Literal.js" classname="/Users/fish/Desktop/17313/svelte_p/packages/svelte/src/compiler/phases/2-analyze/visitors/Literal" />
</testsuite>
<testsuite package="org.eslint" time="0" tests="1" errors="0" name="/Users/fish/Desktop/17313/svelte_p/packages/svelte/src/compiler/phases/2-analyze/visitors/MemberExpression.js">
<testcase time="0" name="/Users/fish/Desktop/17313/svelte_p/packages/svelte/src/compiler/phases/2-analyze/visitors/MemberExpression.js" classname="/Users/fish/Desktop/17313/svelte_p/packages/svelte/src/compiler/phases/2-analyze/visitors/MemberExpression" />
</testsuite>
<testsuite package="org.eslint" time="0" tests="1" errors="0" name="/Users/fish/Desktop/17313/svelte_p/packages/svelte/src/compiler/phases/2-analyze/visitors/NewExpression.js">
<testcase time="0" name="/Users/fish/Desktop/17313/svelte_p/packages/svelte/src/compiler/phases/2-analyze/visitors/NewExpression.js" classname="/Users/fish/Desktop/17313/svelte_p/packages/svelte/src/compiler/phases/2-analyze/visitors/NewExpression" />
</testsuite>
<testsuite package="org.eslint" time="0" tests="1" errors="0" name="/Users/fish/Desktop/17313/svelte_p/packages/svelte/src/compiler/phases/2-analyze/visitors/OnDirective.js">
<testcase time="0" name="/Users/fish/Desktop/17313/svelte_p/packages/svelte/src/compiler/phases/2-analyze/visitors/OnDirective.js" classname="/Users/fish/Desktop/17313/svelte_p/packages/svelte/src/compiler/phases/2-analyze/visitors/OnDirective" />
</testsuite>
<testsuite package="org.eslint" time="0" tests="1" errors="0" name="/Users/fish/Desktop/17313/svelte_p/packages/svelte/src/compiler/phases/2-analyze/visitors/PropertyDefinition.js">
<testcase time="0" name="/Users/fish/Desktop/17313/svelte_p/packages/svelte/src/compiler/phases/2-analyze/visitors/PropertyDefinition.js" classname="/Users/fish/Desktop/17313/svelte_p/packages/svelte/src/compiler/phases/2-analyze/visitors/PropertyDefinition" />
</testsuite>
<testsuite package="org.eslint" time="0" tests="1" errors="0" name="/Users/fish/Desktop/17313/svelte_p/packages/svelte/src/compiler/phases/2-analyze/visitors/RegularElement.js">
<testcase time="0" name="/Users/fish/Desktop/17313/svelte_p/packages/svelte/src/compiler/phases/2-analyze/visitors/RegularElement.js" classname="/Users/fish/Desktop/17313/svelte_p/packages/svelte/src/compiler/phases/2-analyze/visitors/RegularElement" />
</testsuite>
<testsuite package="org.eslint" time="0" tests="1" errors="0" name="/Users/fish/Desktop/17313/svelte_p/packages/svelte/src/compiler/phases/2-analyze/visitors/RenderTag.js">
<testcase time="0" name="/Users/fish/Desktop/17313/svelte_p/packages/svelte/src/compiler/phases/2-analyze/visitors/RenderTag.js" classname="/Users/fish/Desktop/17313/svelte_p/packages/svelte/src/compiler/phases/2-analyze/visitors/RenderTag" />
</testsuite>
<testsuite package="org.eslint" time="0" tests="1" errors="0" name="/Users/fish/Desktop/17313/svelte_p/packages/svelte/src/compiler/phases/2-analyze/visitors/SlotElement.js">
<testcase time="0" name="/Users/fish/Desktop/17313/svelte_p/packages/svelte/src/compiler/phases/2-analyze/visitors/SlotElement.js" classname="/Users/fish/Desktop/17313/svelte_p/packages/svelte/src/compiler/phases/2-analyze/visitors/SlotElement" />
</testsuite>
<testsuite package="org.eslint" time="0" tests="1" errors="0" name="/Users/fish/Desktop/17313/svelte_p/packages/svelte/src/compiler/phases/2-analyze/visitors/SnippetBlock.js">
<testcase time="0" name="/Users/fish/Desktop/17313/svelte_p/packages/svelte/src/compiler/phases/2-analyze/visitors/SnippetBlock.js" classname="/Users/fish/Desktop/17313/svelte_p/packages/svelte/src/compiler/phases/2-analyze/visitors/SnippetBlock" />
</testsuite>
<testsuite package="org.eslint" time="0" tests="1" errors="0" name="/Users/fish/Desktop/17313/svelte_p/packages/svelte/src/compiler/phases/2-analyze/visitors/SpreadAttribute.js">
<testcase time="0" name="/Users/fish/Desktop/17313/svelte_p/packages/svelte/src/compiler/phases/2-analyze/visitors/SpreadAttribute.js" classname="/Users/fish/Desktop/17313/svelte_p/packages/svelte/src/compiler/phases/2-analyze/visitors/SpreadAttribute" />
</testsuite>
<testsuite package="org.eslint" time="0" tests="1" errors="0" name="/Users/fish/Desktop/17313/svelte_p/packages/svelte/src/compiler/phases/2-analyze/visitors/SpreadElement.js">
<testcase time="0" name="/Users/fish/Desktop/17313/svelte_p/packages/svelte/src/compiler/phases/2-analyze/visitors/SpreadElement.js" classname="/Users/fish/Desktop/17313/svelte_p/packages/svelte/src/compiler/phases/2-analyze/visitors/SpreadElement" />
</testsuite>
<testsuite package="org.eslint" time="0" tests="1" errors="0" name="/Users/fish/Desktop/17313/svelte_p/packages/svelte/src/compiler/phases/2-analyze/visitors/StyleDirective.js">
<testcase time="0" name="/Users/fish/Desktop/17313/svelte_p/packages/svelte/src/compiler/phases/2-analyze/visitors/StyleDirective.js" classname="/Users/fish/Desktop/17313/svelte_p/packages/svelte/src/compiler/phases/2-analyze/visitors/StyleDirective" />
</testsuite>
<testsuite package="org.eslint" time="0" tests="1" errors="0" name="/Users/fish/Desktop/17313/svelte_p/packages/svelte/src/compiler/phases/2-analyze/visitors/SvelteBody.js">
<testcase time="0" name="/Users/fish/Desktop/17313/svelte_p/packages/svelte/src/compiler/phases/2-analyze/visitors/SvelteBody.js" classname="/Users/fish/Desktop/17313/svelte_p/packages/svelte/src/compiler/phases/2-analyze/visitors/SvelteBody" />
</testsuite>
<testsuite package="org.eslint" time="0" tests="1" errors="0" name="/Users/fish/Desktop/17313/svelte_p/packages/svelte/src/compiler/phases/2-analyze/visitors/SvelteBoundary.js">
<testcase time="0" name="/Users/fish/Desktop/17313/svelte_p/packages/svelte/src/compiler/phases/2-analyze/visitors/SvelteBoundary.js" classname="/Users/fish/Desktop/17313/svelte_p/packages/svelte/src/compiler/phases/2-analyze/visitors/SvelteBoundary" />
</testsuite>
<testsuite package="org.eslint" time="0" tests="1" errors="0" name="/Users/fish/Desktop/17313/svelte_p/packages/svelte/src/compiler/phases/2-analyze/visitors/SvelteComponent.js">
<testcase time="0" name="/Users/fish/Desktop/17313/svelte_p/packages/svelte/src/compiler/phases/2-analyze/visitors/SvelteComponent.js" classname="/Users/fish/Desktop/17313/svelte_p/packages/svelte/src/compiler/phases/2-analyze/visitors/SvelteComponent" />
</testsuite>
<testsuite package="org.eslint" time="0" tests="1" errors="0" name="/Users/fish/Desktop/17313/svelte_p/packages/svelte/src/compiler/phases/2-analyze/visitors/SvelteDocument.js">
<testcase time="0" name="/Users/fish/Desktop/17313/svelte_p/packages/svelte/src/compiler/phases/2-analyze/visitors/SvelteDocument.js" classname="/Users/fish/Desktop/17313/svelte_p/packages/svelte/src/compiler/phases/2-analyze/visitors/SvelteDocument" />
</testsuite>
<testsuite package="org.eslint" time="0" tests="1" errors="0" name="/Users/fish/Desktop/17313/svelte_p/packages/svelte/src/compiler/phases/2-analyze/visitors/SvelteElement.js">
<testcase time="0" name="/Users/fish/Desktop/17313/svelte_p/packages/svelte/src/compiler/phases/2-analyze/visitors/SvelteElement.js" classname="/Users/fish/Desktop/17313/svelte_p/packages/svelte/src/compiler/phases/2-analyze/visitors/SvelteElement" />
</testsuite>
<testsuite package="org.eslint" time="0" tests="1" errors="0" name="/Users/fish/Desktop/17313/svelte_p/packages/svelte/src/compiler/phases/2-analyze/visitors/SvelteFragment.js">
<testcase time="0" name="/Users/fish/Desktop/17313/svelte_p/packages/svelte/src/compiler/phases/2-analyze/visitors/SvelteFragment.js" classname="/Users/fish/Desktop/17313/svelte_p/packages/svelte/src/compiler/phases/2-analyze/visitors/SvelteFragment" />
</testsuite>
<testsuite package="org.eslint" time="0" tests="1" errors="0" name="/Users/fish/Desktop/17313/svelte_p/packages/svelte/src/compiler/phases/2-analyze/visitors/SvelteHead.js">
<testcase time="0" name="/Users/fish/Desktop/17313/svelte_p/packages/svelte/src/compiler/phases/2-analyze/visitors/SvelteHead.js" classname="/Users/fish/Desktop/17313/svelte_p/packages/svelte/src/compiler/phases/2-analyze/visitors/SvelteHead" />
</testsuite>
<testsuite package="org.eslint" time="0" tests="1" errors="0" name="/Users/fish/Desktop/17313/svelte_p/packages/svelte/src/compiler/phases/2-analyze/visitors/SvelteSelf.js">
<testcase time="0" name="/Users/fish/Desktop/17313/svelte_p/packages/svelte/src/compiler/phases/2-analyze/visitors/SvelteSelf.js" classname="/Users/fish/Desktop/17313/svelte_p/packages/svelte/src/compiler/phases/2-analyze/visitors/SvelteSelf" />
</testsuite>
<testsuite package="org.eslint" time="0" tests="1" errors="0" name="/Users/fish/Desktop/17313/svelte_p/packages/svelte/src/compiler/phases/2-analyze/visitors/SvelteWindow.js">
<testcase time="0" name="/Users/fish/Desktop/17313/svelte_p/packages/svelte/src/compiler/phases/2-analyze/visitors/SvelteWindow.js" classname="/Users/fish/Desktop/17313/svelte_p/packages/svelte/src/compiler/phases/2-analyze/visitors/SvelteWindow" />
</testsuite>
<testsuite package="org.eslint" time="0" tests="1" errors="0" name="/Users/fish/Desktop/17313/svelte_p/packages/svelte/src/compiler/phases/2-analyze/visitors/TaggedTemplateExpression.js">
<testcase time="0" name="/Users/fish/Desktop/17313/svelte_p/packages/svelte/src/compiler/phases/2-analyze/visitors/TaggedTemplateExpression.js" classname="/Users/fish/Desktop/17313/svelte_p/packages/svelte/src/compiler/phases/2-analyze/visitors/TaggedTemplateExpression" />
</testsuite>
<testsuite package="org.eslint" time="0" tests="1" errors="0" name="/Users/fish/Desktop/17313/svelte_p/packages/svelte/src/compiler/phases/2-analyze/visitors/TemplateElement.js">
<testcase time="0" name="/Users/fish/Desktop/17313/svelte_p/packages/svelte/src/compiler/phases/2-analyze/visitors/TemplateElement.js" classname="/Users/fish/Desktop/17313/svelte_p/packages/svelte/src/compiler/phases/2-analyze/visitors/TemplateElement" />
</testsuite>
<testsuite package="org.eslint" time="0" tests="1" errors="0" name="/Users/fish/Desktop/17313/svelte_p/packages/svelte/src/compiler/phases/2-analyze/visitors/Text.js">
<testcase time="0" name="/Users/fish/Desktop/17313/svelte_p/packages/svelte/src/compiler/phases/2-analyze/visitors/Text.js" classname="/Users/fish/Desktop/17313/svelte_p/packages/svelte/src/compiler/phases/2-analyze/visitors/Text" />
</testsuite>
<testsuite package="org.eslint" time="0" tests="1" errors="0" name="/Users/fish/Desktop/17313/svelte_p/packages/svelte/src/compiler/phases/2-analyze/visitors/TitleElement.js">
<testcase time="0" name="/Users/fish/Desktop/17313/svelte_p/packages/svelte/src/compiler/phases/2-analyze/visitors/TitleElement.js" classname="/Users/fish/Desktop/17313/svelte_p/packages/svelte/src/compiler/phases/2-analyze/visitors/TitleElement" />
</testsuite>
<testsuite package="org.eslint" time="0" tests="1" errors="0" name="/Users/fish/Desktop/17313/svelte_p/packages/svelte/src/compiler/phases/2-analyze/visitors/TransitionDirective.js">
<testcase time="0" name="/Users/fish/Desktop/17313/svelte_p/packages/svelte/src/compiler/phases/2-analyze/visitors/TransitionDirective.js" classname="/Users/fish/Desktop/17313/svelte_p/packages/svelte/src/compiler/phases/2-analyze/visitors/TransitionDirective" />
</testsuite>
<testsuite package="org.eslint" time="0" tests="1" errors="0" name="/Users/fish/Desktop/17313/svelte_p/packages/svelte/src/compiler/phases/2-analyze/visitors/UpdateExpression.js">
<testcase time="0" name="/Users/fish/Desktop/17313/svelte_p/packages/svelte/src/compiler/phases/2-analyze/visitors/UpdateExpression.js" classname="/Users/fish/Desktop/17313/svelte_p/packages/svelte/src/compiler/phases/2-analyze/visitors/UpdateExpression" />
</testsuite>
<testsuite package="org.eslint" time="0" tests="1" errors="0" name="/Users/fish/Desktop/17313/svelte_p/packages/svelte/src/compiler/phases/2-analyze/visitors/UseDirective.js">
<testcase time="0" name="/Users/fish/Desktop/17313/svelte_p/packages/svelte/src/compiler/phases/2-analyze/visitors/UseDirective.js" classname="/Users/fish/Desktop/17313/svelte_p/packages/svelte/src/compiler/phases/2-analyze/visitors/UseDirective" />
</testsuite>
<testsuite package="org.eslint" time="0" tests="1" errors="0" name="/Users/fish/Desktop/17313/svelte_p/packages/svelte/src/compiler/phases/2-analyze/visitors/VariableDeclarator.js">
<testcase time="0" name="/Users/fish/Desktop/17313/svelte_p/packages/svelte/src/compiler/phases/2-analyze/visitors/VariableDeclarator.js" classname="/Users/fish/Desktop/17313/svelte_p/packages/svelte/src/compiler/phases/2-analyze/visitors/VariableDeclarator" />
</testsuite>
<testsuite package="org.eslint" time="0" tests="1" errors="0" name="/Users/fish/Desktop/17313/svelte_p/packages/svelte/src/compiler/phases/2-analyze/visitors/shared/a11y/constants.js">
<testcase time="0" name="/Users/fish/Desktop/17313/svelte_p/packages/svelte/src/compiler/phases/2-analyze/visitors/shared/a11y/constants.js" classname="/Users/fish/Desktop/17313/svelte_p/packages/svelte/src/compiler/phases/2-analyze/visitors/shared/a11y/constants" />
</testsuite>
<testsuite package="org.eslint" time="0" tests="1" errors="0" name="/Users/fish/Desktop/17313/svelte_p/packages/svelte/src/compiler/phases/2-analyze/visitors/shared/a11y/index.js">
<testcase time="0" name="/Users/fish/Desktop/17313/svelte_p/packages/svelte/src/compiler/phases/2-analyze/visitors/shared/a11y/index.js" classname="/Users/fish/Desktop/17313/svelte_p/packages/svelte/src/compiler/phases/2-analyze/visitors/shared/a11y/index" />
</testsuite>
<testsuite package="org.eslint" time="0" tests="1" errors="0" name="/Users/fish/Desktop/17313/svelte_p/packages/svelte/src/compiler/phases/2-analyze/visitors/shared/attribute.js">
<testcase time="0" name="/Users/fish/Desktop/17313/svelte_p/packages/svelte/src/compiler/phases/2-analyze/visitors/shared/attribute.js" classname="/Users/fish/Desktop/17313/svelte_p/packages/svelte/src/compiler/phases/2-analyze/visitors/shared/attribute" />
</testsuite>
<testsuite package="org.eslint" time="0" tests="1" errors="0" name="/Users/fish/Desktop/17313/svelte_p/packages/svelte/src/compiler/phases/2-analyze/visitors/shared/component.js">
<testcase time="0" name="/Users/fish/Desktop/17313/svelte_p/packages/svelte/src/compiler/phases/2-analyze/visitors/shared/component.js" classname="/Users/fish/Desktop/17313/svelte_p/packages/svelte/src/compiler/phases/2-analyze/visitors/shared/component" />
</testsuite>
<testsuite package="org.eslint" time="0" tests="1" errors="0" name="/Users/fish/Desktop/17313/svelte_p/packages/svelte/src/compiler/phases/2-analyze/visitors/shared/element.js">
<testcase time="0" name="/Users/fish/Desktop/17313/svelte_p/packages/svelte/src/compiler/phases/2-analyze/visitors/shared/element.js" classname="/Users/fish/Desktop/17313/svelte_p/packages/svelte/src/compiler/phases/2-analyze/visitors/shared/element" />
</testsuite>
<testsuite package="org.eslint" time="0" tests="1" errors="0" name="/Users/fish/Desktop/17313/svelte_p/packages/svelte/src/compiler/phases/2-analyze/visitors/shared/fragment.js">
<testcase time="0" name="/Users/fish/Desktop/17313/svelte_p/packages/svelte/src/compiler/phases/2-analyze/visitors/shared/fragment.js" classname="/Users/fish/Desktop/17313/svelte_p/packages/svelte/src/compiler/phases/2-analyze/visitors/shared/fragment" />
</testsuite>
<testsuite package="org.eslint" time="0" tests="1" errors="0" name="/Users/fish/Desktop/17313/svelte_p/packages/svelte/src/compiler/phases/2-analyze/visitors/shared/function.js">
<testcase time="0" name="/Users/fish/Desktop/17313/svelte_p/packages/svelte/src/compiler/phases/2-analyze/visitors/shared/function.js" classname="/Users/fish/Desktop/17313/svelte_p/packages/svelte/src/compiler/phases/2-analyze/visitors/shared/function" />
</testsuite>
<testsuite package="org.eslint" time="0" tests="1" errors="0" name="/Users/fish/Desktop/17313/svelte_p/packages/svelte/src/compiler/phases/2-analyze/visitors/shared/snippets.js">
<testcase time="0" name="/Users/fish/Desktop/17313/svelte_p/packages/svelte/src/compiler/phases/2-analyze/visitors/shared/snippets.js" classname="/Users/fish/Desktop/17313/svelte_p/packages/svelte/src/compiler/phases/2-analyze/visitors/shared/snippets" />
</testsuite>
<testsuite package="org.eslint" time="0" tests="1" errors="0" name="/Users/fish/Desktop/17313/svelte_p/packages/svelte/src/compiler/phases/2-analyze/visitors/shared/special-element.js">
<testcase time="0" name="/Users/fish/Desktop/17313/svelte_p/packages/svelte/src/compiler/phases/2-analyze/visitors/shared/special-element.js" classname="/Users/fish/Desktop/17313/svelte_p/packages/svelte/src/compiler/phases/2-analyze/visitors/shared/special-element" />
</testsuite>
<testsuite package="org.eslint" time="0" tests="1" errors="0" name="/Users/fish/Desktop/17313/svelte_p/packages/svelte/src/compiler/phases/2-analyze/visitors/shared/utils.js">
<testcase time="0" name="/Users/fish/Desktop/17313/svelte_p/packages/svelte/src/compiler/phases/2-analyze/visitors/shared/utils.js" classname="/Users/fish/Desktop/17313/svelte_p/packages/svelte/src/compiler/phases/2-analyze/visitors/shared/utils" />
</testsuite>
<testsuite package="org.eslint" time="0" tests="1" errors="0" name="/Users/fish/Desktop/17313/svelte_p/packages/svelte/src/compiler/phases/3-transform/client/transform-client.js">
<testcase time="0" name="/Users/fish/Desktop/17313/svelte_p/packages/svelte/src/compiler/phases/3-transform/client/transform-client.js" classname="/Users/fish/Desktop/17313/svelte_p/packages/svelte/src/compiler/phases/3-transform/client/transform-client" />
</testsuite>
<testsuite package="org.eslint" time="0" tests="1" errors="0" name="/Users/fish/Desktop/17313/svelte_p/packages/svelte/src/compiler/phases/3-transform/client/transform-template/fix-attribute-casing.js">
<testcase time="0" name="/Users/fish/Desktop/17313/svelte_p/packages/svelte/src/compiler/phases/3-transform/client/transform-template/fix-attribute-casing.js" classname="/Users/fish/Desktop/17313/svelte_p/packages/svelte/src/compiler/phases/3-transform/client/transform-template/fix-attribute-casing" />
</testsuite>
<testsuite package="org.eslint" time="0" tests="1" errors="0" name="/Users/fish/Desktop/17313/svelte_p/packages/svelte/src/compiler/phases/3-transform/client/transform-template/index.js">
<testcase time="0" name="/Users/fish/Desktop/17313/svelte_p/packages/svelte/src/compiler/phases/3-transform/client/transform-template/index.js" classname="/Users/fish/Desktop/17313/svelte_p/packages/svelte/src/compiler/phases/3-transform/client/transform-template/index" />
</testsuite>
<testsuite package="org.eslint" time="0" tests="1" errors="0" name="/Users/fish/Desktop/17313/svelte_p/packages/svelte/src/compiler/phases/3-transform/client/transform-template/template.js">
<testcase time="0" name="/Users/fish/Desktop/17313/svelte_p/packages/svelte/src/compiler/phases/3-transform/client/transform-template/template.js" classname="/Users/fish/Desktop/17313/svelte_p/packages/svelte/src/compiler/phases/3-transform/client/transform-template/template" />
</testsuite>
<testsuite package="org.eslint" time="0" tests="1" errors="0" name="/Users/fish/Desktop/17313/svelte_p/packages/svelte/src/compiler/phases/3-transform/client/utils.js">
<testcase time="0" name="/Users/fish/Desktop/17313/svelte_p/packages/svelte/src/compiler/phases/3-transform/client/utils.js" classname="/Users/fish/Desktop/17313/svelte_p/packages/svelte/src/compiler/phases/3-transform/client/utils" />
</testsuite>
<testsuite package="org.eslint" time="0" tests="1" errors="0" name="/Users/fish/Desktop/17313/svelte_p/packages/svelte/src/compiler/phases/3-transform/client/visitors/AnimateDirective.js">
<testcase time="0" name="/Users/fish/Desktop/17313/svelte_p/packages/svelte/src/compiler/phases/3-transform/client/visitors/AnimateDirective.js" classname="/Users/fish/Desktop/17313/svelte_p/packages/svelte/src/compiler/phases/3-transform/client/visitors/AnimateDirective" />
</testsuite>
<testsuite package="org.eslint" time="0" tests="1" errors="0" name="/Users/fish/Desktop/17313/svelte_p/packages/svelte/src/compiler/phases/3-transform/client/visitors/ArrowFunctionExpression.js">
<testcase time="0" name="/Users/fish/Desktop/17313/svelte_p/packages/svelte/src/compiler/phases/3-transform/client/visitors/ArrowFunctionExpression.js" classname="/Users/fish/Desktop/17313/svelte_p/packages/svelte/src/compiler/phases/3-transform/client/visitors/ArrowFunctionExpression" />
</testsuite>
<testsuite package="org.eslint" time="0" tests="1" errors="0" name="/Users/fish/Desktop/17313/svelte_p/packages/svelte/src/compiler/phases/3-transform/client/visitors/AssignmentExpression.js">
<testcase time="0" name="/Users/fish/Desktop/17313/svelte_p/packages/svelte/src/compiler/phases/3-transform/client/visitors/AssignmentExpression.js" classname="/Users/fish/Desktop/17313/svelte_p/packages/svelte/src/compiler/phases/3-transform/client/visitors/AssignmentExpression" />
</testsuite>
<testsuite package="org.eslint" time="0" tests="1" errors="0" name="/Users/fish/Desktop/17313/svelte_p/packages/svelte/src/compiler/phases/3-transform/client/visitors/AttachTag.js">
<testcase time="0" name="/Users/fish/Desktop/17313/svelte_p/packages/svelte/src/compiler/phases/3-transform/client/visitors/AttachTag.js" classname="/Users/fish/Desktop/17313/svelte_p/packages/svelte/src/compiler/phases/3-transform/client/visitors/AttachTag" />
</testsuite>
<testsuite package="org.eslint" time="0" tests="1" errors="0" name="/Users/fish/Desktop/17313/svelte_p/packages/svelte/src/compiler/phases/3-transform/client/visitors/Attribute.js">
<testcase time="0" name="/Users/fish/Desktop/17313/svelte_p/packages/svelte/src/compiler/phases/3-transform/client/visitors/Attribute.js" classname="/Users/fish/Desktop/17313/svelte_p/packages/svelte/src/compiler/phases/3-transform/client/visitors/Attribute" />
</testsuite>
<testsuite package="org.eslint" time="0" tests="1" errors="0" name="/Users/fish/Desktop/17313/svelte_p/packages/svelte/src/compiler/phases/3-transform/client/visitors/AwaitBlock.js">
<testcase time="0" name="/Users/fish/Desktop/17313/svelte_p/packages/svelte/src/compiler/phases/3-transform/client/visitors/AwaitBlock.js" classname="/Users/fish/Desktop/17313/svelte_p/packages/svelte/src/compiler/phases/3-transform/client/visitors/AwaitBlock" />
</testsuite>
<testsuite package="org.eslint" time="0" tests="1" errors="0" name="/Users/fish/Desktop/17313/svelte_p/packages/svelte/src/compiler/phases/3-transform/client/visitors/AwaitExpression.js">
<testcase time="0" name="/Users/fish/Desktop/17313/svelte_p/packages/svelte/src/compiler/phases/3-transform/client/visitors/AwaitExpression.js" classname="/Users/fish/Desktop/17313/svelte_p/packages/svelte/src/compiler/phases/3-transform/client/visitors/AwaitExpression" />
</testsuite>
<testsuite package="org.eslint" time="0" tests="1" errors="0" name="/Users/fish/Desktop/17313/svelte_p/packages/svelte/src/compiler/phases/3-transform/client/visitors/BinaryExpression.js">
<testcase time="0" name="/Users/fish/Desktop/17313/svelte_p/packages/svelte/src/compiler/phases/3-transform/client/visitors/BinaryExpression.js" classname="/Users/fish/Desktop/17313/svelte_p/packages/svelte/src/compiler/phases/3-transform/client/visitors/BinaryExpression" />
</testsuite>
<testsuite package="org.eslint" time="0" tests="1" errors="0" name="/Users/fish/Desktop/17313/svelte_p/packages/svelte/src/compiler/phases/3-transform/client/visitors/BindDirective.js">
<testcase time="0" name="/Users/fish/Desktop/17313/svelte_p/packages/svelte/src/compiler/phases/3-transform/client/visitors/BindDirective.js" classname="/Users/fish/Desktop/17313/svelte_p/packages/svelte/src/compiler/phases/3-transform/client/visitors/BindDirective" />
</testsuite>
<testsuite package="org.eslint" time="0" tests="1" errors="0" name="/Users/fish/Desktop/17313/svelte_p/packages/svelte/src/compiler/phases/3-transform/client/visitors/BlockStatement.js">
<testcase time="0" name="/Users/fish/Desktop/17313/svelte_p/packages/svelte/src/compiler/phases/3-transform/client/visitors/BlockStatement.js" classname="/Users/fish/Desktop/17313/svelte_p/packages/svelte/src/compiler/phases/3-transform/client/visitors/BlockStatement" />
</testsuite>
<testsuite package="org.eslint" time="0" tests="1" errors="0" name="/Users/fish/Desktop/17313/svelte_p/packages/svelte/src/compiler/phases/3-transform/client/visitors/BreakStatement.js">
<testcase time="0" name="/Users/fish/Desktop/17313/svelte_p/packages/svelte/src/compiler/phases/3-transform/client/visitors/BreakStatement.js" classname="/Users/fish/Desktop/17313/svelte_p/packages/svelte/src/compiler/phases/3-transform/client/visitors/BreakStatement" />
</testsuite>
<testsuite package="org.eslint" time="0" tests="1" errors="0" name="/Users/fish/Desktop/17313/svelte_p/packages/svelte/src/compiler/phases/3-transform/client/visitors/CallExpression.js">
<testcase time="0" name="/Users/fish/Desktop/17313/svelte_p/packages/svelte/src/compiler/phases/3-transform/client/visitors/CallExpression.js" classname="/Users/fish/Desktop/17313/svelte_p/packages/svelte/src/compiler/phases/3-transform/client/visitors/CallExpression" />
</testsuite>
<testsuite package="org.eslint" time="0" tests="1" errors="0" name="/Users/fish/Desktop/17313/svelte_p/packages/svelte/src/compiler/phases/3-transform/client/visitors/ClassBody.js">
<testcase time="0" name="/Users/fish/Desktop/17313/svelte_p/packages/svelte/src/compiler/phases/3-transform/client/visitors/ClassBody.js" classname="/Users/fish/Desktop/17313/svelte_p/packages/svelte/src/compiler/phases/3-transform/client/visitors/ClassBody" />
</testsuite>
<testsuite package="org.eslint" time="0" tests="1" errors="0" name="/Users/fish/Desktop/17313/svelte_p/packages/svelte/src/compiler/phases/3-transform/client/visitors/Comment.js">
<testcase time="0" name="/Users/fish/Desktop/17313/svelte_p/packages/svelte/src/compiler/phases/3-transform/client/visitors/Comment.js" classname="/Users/fish/Desktop/17313/svelte_p/packages/svelte/src/compiler/phases/3-transform/client/visitors/Comment" />
</testsuite>
<testsuite package="org.eslint" time="0" tests="1" errors="0" name="/Users/fish/Desktop/17313/svelte_p/packages/svelte/src/compiler/phases/3-transform/client/visitors/Component.js">
<testcase time="0" name="/Users/fish/Desktop/17313/svelte_p/packages/svelte/src/compiler/phases/3-transform/client/visitors/Component.js" classname="/Users/fish/Desktop/17313/svelte_p/packages/svelte/src/compiler/phases/3-transform/client/visitors/Component" />
</testsuite>
<testsuite package="org.eslint" time="0" tests="1" errors="0" name="/Users/fish/Desktop/17313/svelte_p/packages/svelte/src/compiler/phases/3-transform/client/visitors/ConstTag.js">
<testcase time="0" name="/Users/fish/Desktop/17313/svelte_p/packages/svelte/src/compiler/phases/3-transform/client/visitors/ConstTag.js" classname="/Users/fish/Desktop/17313/svelte_p/packages/svelte/src/compiler/phases/3-transform/client/visitors/ConstTag" />
</testsuite>
<testsuite package="org.eslint" time="0" tests="1" errors="0" name="/Users/fish/Desktop/17313/svelte_p/packages/svelte/src/compiler/phases/3-transform/client/visitors/DebugTag.js">
<testcase time="0" name="/Users/fish/Desktop/17313/svelte_p/packages/svelte/src/compiler/phases/3-transform/client/visitors/DebugTag.js" classname="/Users/fish/Desktop/17313/svelte_p/packages/svelte/src/compiler/phases/3-transform/client/visitors/DebugTag" />
</testsuite>
<testsuite package="org.eslint" time="0" tests="1" errors="0" name="/Users/fish/Desktop/17313/svelte_p/packages/svelte/src/compiler/phases/3-transform/client/visitors/EachBlock.js">
<testcase time="0" name="/Users/fish/Desktop/17313/svelte_p/packages/svelte/src/compiler/phases/3-transform/client/visitors/EachBlock.js" classname="/Users/fish/Desktop/17313/svelte_p/packages/svelte/src/compiler/phases/3-transform/client/visitors/EachBlock" />
</testsuite>
<testsuite package="org.eslint" time="0" tests="1" errors="0" name="/Users/fish/Desktop/17313/svelte_p/packages/svelte/src/compiler/phases/3-transform/client/visitors/ExportNamedDeclaration.js">
<testcase time="0" name="/Users/fish/Desktop/17313/svelte_p/packages/svelte/src/compiler/phases/3-transform/client/visitors/ExportNamedDeclaration.js" classname="/Users/fish/Desktop/17313/svelte_p/packages/svelte/src/compiler/phases/3-transform/client/visitors/ExportNamedDeclaration" />
</testsuite>
<testsuite package="org.eslint" time="0" tests="1" errors="0" name="/Users/fish/Desktop/17313/svelte_p/packages/svelte/src/compiler/phases/3-transform/client/visitors/ExpressionStatement.js">
<testcase time="0" name="/Users/fish/Desktop/17313/svelte_p/packages/svelte/src/compiler/phases/3-transform/client/visitors/ExpressionStatement.js" classname="/Users/fish/Desktop/17313/svelte_p/packages/svelte/src/compiler/phases/3-transform/client/visitors/ExpressionStatement" />
</testsuite>
<testsuite package="org.eslint" time="0" tests="1" errors="0" name="/Users/fish/Desktop/17313/svelte_p/packages/svelte/src/compiler/phases/3-transform/client/visitors/ForOfStatement.js">
<testcase time="0" name="/Users/fish/Desktop/17313/svelte_p/packages/svelte/src/compiler/phases/3-transform/client/visitors/ForOfStatement.js" classname="/Users/fish/Desktop/17313/svelte_p/packages/svelte/src/compiler/phases/3-transform/client/visitors/ForOfStatement" />
</testsuite>
<testsuite package="org.eslint" time="0" tests="1" errors="0" name="/Users/fish/Desktop/17313/svelte_p/packages/svelte/src/compiler/phases/3-transform/client/visitors/Fragment.js">
<testcase time="0" name="/Users/fish/Desktop/17313/svelte_p/packages/svelte/src/compiler/phases/3-transform/client/visitors/Fragment.js" classname="/Users/fish/Desktop/17313/svelte_p/packages/svelte/src/compiler/phases/3-transform/client/visitors/Fragment" />
</testsuite>
<testsuite package="org.eslint" time="0" tests="1" errors="0" name="/Users/fish/Desktop/17313/svelte_p/packages/svelte/src/compiler/phases/3-transform/client/visitors/FunctionDeclaration.js">
<testcase time="0" name="/Users/fish/Desktop/17313/svelte_p/packages/svelte/src/compiler/phases/3-transform/client/visitors/FunctionDeclaration.js" classname="/Users/fish/Desktop/17313/svelte_p/packages/svelte/src/compiler/phases/3-transform/client/visitors/FunctionDeclaration" />
</testsuite>
<testsuite package="org.eslint" time="0" tests="1" errors="0" name="/Users/fish/Desktop/17313/svelte_p/packages/svelte/src/compiler/phases/3-transform/client/visitors/FunctionExpression.js">
<testcase time="0" name="/Users/fish/Desktop/17313/svelte_p/packages/svelte/src/compiler/phases/3-transform/client/visitors/FunctionExpression.js" classname="/Users/fish/Desktop/17313/svelte_p/packages/svelte/src/compiler/phases/3-transform/client/visitors/FunctionExpression" />
</testsuite>
<testsuite package="org.eslint" time="0" tests="1" errors="0" name="/Users/fish/Desktop/17313/svelte_p/packages/svelte/src/compiler/phases/3-transform/client/visitors/HtmlTag.js">
<testcase time="0" name="/Users/fish/Desktop/17313/svelte_p/packages/svelte/src/compiler/phases/3-transform/client/visitors/HtmlTag.js" classname="/Users/fish/Desktop/17313/svelte_p/packages/svelte/src/compiler/phases/3-transform/client/visitors/HtmlTag" />
</testsuite>
<testsuite package="org.eslint" time="0" tests="1" errors="0" name="/Users/fish/Desktop/17313/svelte_p/packages/svelte/src/compiler/phases/3-transform/client/visitors/Identifier.js">
<testcase time="0" name="/Users/fish/Desktop/17313/svelte_p/packages/svelte/src/compiler/phases/3-transform/client/visitors/Identifier.js" classname="/Users/fish/Desktop/17313/svelte_p/packages/svelte/src/compiler/phases/3-transform/client/visitors/Identifier" />
</testsuite>
<testsuite package="org.eslint" time="0" tests="1" errors="0" name="/Users/fish/Desktop/17313/svelte_p/packages/svelte/src/compiler/phases/3-transform/client/visitors/IfBlock.js">
<testcase time="0" name="/Users/fish/Desktop/17313/svelte_p/packages/svelte/src/compiler/phases/3-transform/client/visitors/IfBlock.js" classname="/Users/fish/Desktop/17313/svelte_p/packages/svelte/src/compiler/phases/3-transform/client/visitors/IfBlock" />
</testsuite>
<testsuite package="org.eslint" time="0" tests="1" errors="0" name="/Users/fish/Desktop/17313/svelte_p/packages/svelte/src/compiler/phases/3-transform/client/visitors/KeyBlock.js">
<testcase time="0" name="/Users/fish/Desktop/17313/svelte_p/packages/svelte/src/compiler/phases/3-transform/client/visitors/KeyBlock.js" classname="/Users/fish/Desktop/17313/svelte_p/packages/svelte/src/compiler/phases/3-transform/client/visitors/KeyBlock" />
</testsuite>
<testsuite package="org.eslint" time="0" tests="1" errors="0" name="/Users/fish/Desktop/17313/svelte_p/packages/svelte/src/compiler/phases/3-transform/client/visitors/LabeledStatement.js">
<testcase time="0" name="/Users/fish/Desktop/17313/svelte_p/packages/svelte/src/compiler/phases/3-transform/client/visitors/LabeledStatement.js" classname="/Users/fish/Desktop/17313/svelte_p/packages/svelte/src/compiler/phases/3-transform/client/visitors/LabeledStatement" />
</testsuite>
<testsuite package="org.eslint" time="0" tests="1" errors="0" name="/Users/fish/Desktop/17313/svelte_p/packages/svelte/src/compiler/phases/3-transform/client/visitors/LetDirective.js">
<testcase time="0" name="/Users/fish/Desktop/17313/svelte_p/packages/svelte/src/compiler/phases/3-transform/client/visitors/LetDirective.js" classname="/Users/fish/Desktop/17313/svelte_p/packages/svelte/src/compiler/phases/3-transform/client/visitors/LetDirective" />
</testsuite>
<testsuite package="org.eslint" time="0" tests="1" errors="0" name="/Users/fish/Desktop/17313/svelte_p/packages/svelte/src/compiler/phases/3-transform/client/visitors/MemberExpression.js">
<testcase time="0" name="/Users/fish/Desktop/17313/svelte_p/packages/svelte/src/compiler/phases/3-transform/client/visitors/MemberExpression.js" classname="/Users/fish/Desktop/17313/svelte_p/packages/svelte/src/compiler/phases/3-transform/client/visitors/MemberExpression" />
</testsuite>
<testsuite package="org.eslint" time="0" tests="1" errors="0" name="/Users/fish/Desktop/17313/svelte_p/packages/svelte/src/compiler/phases/3-transform/client/visitors/OnDirective.js">
<testcase time="0" name="/Users/fish/Desktop/17313/svelte_p/packages/svelte/src/compiler/phases/3-transform/client/visitors/OnDirective.js" classname="/Users/fish/Desktop/17313/svelte_p/packages/svelte/src/compiler/phases/3-transform/client/visitors/OnDirective" />
</testsuite>
<testsuite package="org.eslint" time="0" tests="1" errors="0" name="/Users/fish/Desktop/17313/svelte_p/packages/svelte/src/compiler/phases/3-transform/client/visitors/Program.js">
<testcase time="0" name="/Users/fish/Desktop/17313/svelte_p/packages/svelte/src/compiler/phases/3-transform/client/visitors/Program.js" classname="/Users/fish/Desktop/17313/svelte_p/packages/svelte/src/compiler/phases/3-transform/client/visitors/Program" />
</testsuite>
<testsuite package="org.eslint" time="0" tests="1" errors="0" name="/Users/fish/Desktop/17313/svelte_p/packages/svelte/src/compiler/phases/3-transform/client/visitors/RegularElement.js">
<testcase time="0" name="/Users/fish/Desktop/17313/svelte_p/packages/svelte/src/compiler/phases/3-transform/client/visitors/RegularElement.js" classname="/Users/fish/Desktop/17313/svelte_p/packages/svelte/src/compiler/phases/3-transform/client/visitors/RegularElement" />
</testsuite>
<testsuite package="org.eslint" time="0" tests="1" errors="0" name="/Users/fish/Desktop/17313/svelte_p/packages/svelte/src/compiler/phases/3-transform/client/visitors/RenderTag.js">
<testcase time="0" name="/Users/fish/Desktop/17313/svelte_p/packages/svelte/src/compiler/phases/3-transform/client/visitors/RenderTag.js" classname="/Users/fish/Desktop/17313/svelte_p/packages/svelte/src/compiler/phases/3-transform/client/visitors/RenderTag" />
</testsuite>
<testsuite package="org.eslint" time="0" tests="1" errors="0" name="/Users/fish/Desktop/17313/svelte_p/packages/svelte/src/compiler/phases/3-transform/client/visitors/SlotElement.js">
<testcase time="0" name="/Users/fish/Desktop/17313/svelte_p/packages/svelte/src/compiler/phases/3-transform/client/visitors/SlotElement.js" classname="/Users/fish/Desktop/17313/svelte_p/packages/svelte/src/compiler/phases/3-transform/client/visitors/SlotElement" />
</testsuite>
<testsuite package="org.eslint" time="0" tests="1" errors="0" name="/Users/fish/Desktop/17313/svelte_p/packages/svelte/src/compiler/phases/3-transform/client/visitors/SnippetBlock.js">
<testcase time="0" name="/Users/fish/Desktop/17313/svelte_p/packages/svelte/src/compiler/phases/3-transform/client/visitors/SnippetBlock.js" classname="/Users/fish/Desktop/17313/svelte_p/packages/svelte/src/compiler/phases/3-transform/client/visitors/SnippetBlock" />
</testsuite>
<testsuite package="org.eslint" time="0" tests="1" errors="0" name="/Users/fish/Desktop/17313/svelte_p/packages/svelte/src/compiler/phases/3-transform/client/visitors/SpreadAttribute.js">
<testcase time="0" name="/Users/fish/Desktop/17313/svelte_p/packages/svelte/src/compiler/phases/3-transform/client/visitors/SpreadAttribute.js" classname="/Users/fish/Desktop/17313/svelte_p/packages/svelte/src/compiler/phases/3-transform/client/visitors/SpreadAttribute" />
</testsuite>
<testsuite package="org.eslint" time="0" tests="1" errors="0" name="/Users/fish/Desktop/17313/svelte_p/packages/svelte/src/compiler/phases/3-transform/client/visitors/SvelteBody.js">
<testcase time="0" name="/Users/fish/Desktop/17313/svelte_p/packages/svelte/src/compiler/phases/3-transform/client/visitors/SvelteBody.js" classname="/Users/fish/Desktop/17313/svelte_p/packages/svelte/src/compiler/phases/3-transform/client/visitors/SvelteBody" />
</testsuite>
<testsuite package="org.eslint" time="0" tests="1" errors="0" name="/Users/fish/Desktop/17313/svelte_p/packages/svelte/src/compiler/phases/3-transform/client/visitors/SvelteBoundary.js">
<testcase time="0" name="/Users/fish/Desktop/17313/svelte_p/packages/svelte/src/compiler/phases/3-transform/client/visitors/SvelteBoundary.js" classname="/Users/fish/Desktop/17313/svelte_p/packages/svelte/src/compiler/phases/3-transform/client/visitors/SvelteBoundary" />
</testsuite>
<testsuite package="org.eslint" time="0" tests="1" errors="0" name="/Users/fish/Desktop/17313/svelte_p/packages/svelte/src/compiler/phases/3-transform/client/visitors/SvelteComponent.js">
<testcase time="0" name="/Users/fish/Desktop/17313/svelte_p/packages/svelte/src/compiler/phases/3-transform/client/visitors/SvelteComponent.js" classname="/Users/fish/Desktop/17313/svelte_p/packages/svelte/src/compiler/phases/3-transform/client/visitors/SvelteComponent" />
</testsuite>
<testsuite package="org.eslint" time="0" tests="1" errors="0" name="/Users/fish/Desktop/17313/svelte_p/packages/svelte/src/compiler/phases/3-transform/client/visitors/SvelteDocument.js">
<testcase time="0" name="/Users/fish/Desktop/17313/svelte_p/packages/svelte/src/compiler/phases/3-transform/client/visitors/SvelteDocument.js" classname="/Users/fish/Desktop/17313/svelte_p/packages/svelte/src/compiler/phases/3-transform/client/visitors/SvelteDocument" />
</testsuite>
<testsuite package="org.eslint" time="0" tests="1" errors="0" name="/Users/fish/Desktop/17313/svelte_p/packages/svelte/src/compiler/phases/3-transform/client/visitors/SvelteElement.js">
<testcase time="0" name="/Users/fish/Desktop/17313/svelte_p/packages/svelte/src/compiler/phases/3-transform/client/visitors/SvelteElement.js" classname="/Users/fish/Desktop/17313/svelte_p/packages/svelte/src/compiler/phases/3-transform/client/visitors/SvelteElement" />
</testsuite>
<testsuite package="org.eslint" time="0" tests="1" errors="0" name="/Users/fish/Desktop/17313/svelte_p/packages/svelte/src/compiler/phases/3-transform/client/visitors/SvelteFragment.js">
<testcase time="0" name="/Users/fish/Desktop/17313/svelte_p/packages/svelte/src/compiler/phases/3-transform/client/visitors/SvelteFragment.js" classname="/Users/fish/Desktop/17313/svelte_p/packages/svelte/src/compiler/phases/3-transform/client/visitors/SvelteFragment" />
</testsuite>
<testsuite package="org.eslint" time="0" tests="1" errors="0" name="/Users/fish/Desktop/17313/svelte_p/packages/svelte/src/compiler/phases/3-transform/client/visitors/SvelteHead.js">
<testcase time="0" name="/Users/fish/Desktop/17313/svelte_p/packages/svelte/src/compiler/phases/3-transform/client/visitors/SvelteHead.js" classname="/Users/fish/Desktop/17313/svelte_p/packages/svelte/src/compiler/phases/3-transform/client/visitors/SvelteHead" />
</testsuite>
<testsuite package="org.eslint" time="0" tests="1" errors="0" name="/Users/fish/Desktop/17313/svelte_p/packages/svelte/src/compiler/phases/3-transform/client/visitors/SvelteSelf.js">
<testcase time="0" name="/Users/fish/Desktop/17313/svelte_p/packages/svelte/src/compiler/phases/3-transform/client/visitors/SvelteSelf.js" classname="/Users/fish/Desktop/17313/svelte_p/packages/svelte/src/compiler/phases/3-transform/client/visitors/SvelteSelf" />
</testsuite>
<testsuite package="org.eslint" time="0" tests="1" errors="0" name="/Users/fish/Desktop/17313/svelte_p/packages/svelte/src/compiler/phases/3-transform/client/visitors/SvelteWindow.js">
<testcase time="0" name="/Users/fish/Desktop/17313/svelte_p/packages/svelte/src/compiler/phases/3-transform/client/visitors/SvelteWindow.js" classname="/Users/fish/Desktop/17313/svelte_p/packages/svelte/src/compiler/phases/3-transform/client/visitors/SvelteWindow" />
</testsuite>
<testsuite package="org.eslint" time="0" tests="1" errors="0" name="/Users/fish/Desktop/17313/svelte_p/packages/svelte/src/compiler/phases/3-transform/client/visitors/TitleElement.js">
<testcase time="0" name="/Users/fish/Desktop/17313/svelte_p/packages/svelte/src/compiler/phases/3-transform/client/visitors/TitleElement.js" classname="/Users/fish/Desktop/17313/svelte_p/packages/svelte/src/compiler/phases/3-transform/client/visitors/TitleElement" />
</testsuite>
<testsuite package="org.eslint" time="0" tests="1" errors="0" name="/Users/fish/Desktop/17313/svelte_p/packages/svelte/src/compiler/phases/3-transform/client/visitors/TransitionDirective.js">
<testcase time="0" name="/Users/fish/Desktop/17313/svelte_p/packages/svelte/src/compiler/phases/3-transform/client/visitors/TransitionDirective.js" classname="/Users/fish/Desktop/17313/svelte_p/packages/svelte/src/compiler/phases/3-transform/client/visitors/TransitionDirective" />
</testsuite>
<testsuite package="org.eslint" time="0" tests="1" errors="0" name="/Users/fish/Desktop/17313/svelte_p/packages/svelte/src/compiler/phases/3-transform/client/visitors/UpdateExpression.js">
<testcase time="0" name="/Users/fish/Desktop/17313/svelte_p/packages/svelte/src/compiler/phases/3-transform/client/visitors/UpdateExpression.js" classname="/Users/fish/Desktop/17313/svelte_p/packages/svelte/src/compiler/phases/3-transform/client/visitors/UpdateExpression" />
</testsuite>
<testsuite package="org.eslint" time="0" tests="1" errors="0" name="/Users/fish/Desktop/17313/svelte_p/packages/svelte/src/compiler/phases/3-transform/client/visitors/UseDirective.js">
<testcase time="0" name="/Users/fish/Desktop/17313/svelte_p/packages/svelte/src/compiler/phases/3-transform/client/visitors/UseDirective.js" classname="/Users/fish/Desktop/17313/svelte_p/packages/svelte/src/compiler/phases/3-transform/client/visitors/UseDirective" />
</testsuite>
<testsuite package="org.eslint" time="0" tests="1" errors="0" name="/Users/fish/Desktop/17313/svelte_p/packages/svelte/src/compiler/phases/3-transform/client/visitors/VariableDeclaration.js">
<testcase time="0" name="/Users/fish/Desktop/17313/svelte_p/packages/svelte/src/compiler/phases/3-transform/client/visitors/VariableDeclaration.js" classname="/Users/fish/Desktop/17313/svelte_p/packages/svelte/src/compiler/phases/3-transform/client/visitors/VariableDeclaration" />
</testsuite>
<testsuite package="org.eslint" time="0" tests="1" errors="0" name="/Users/fish/Desktop/17313/svelte_p/packages/svelte/src/compiler/phases/3-transform/client/visitors/shared/component.js">
<testcase time="0" name="/Users/fish/Desktop/17313/svelte_p/packages/svelte/src/compiler/phases/3-transform/client/visitors/shared/component.js" classname="/Users/fish/Desktop/17313/svelte_p/packages/svelte/src/compiler/phases/3-transform/client/visitors/shared/component" />
</testsuite>
<testsuite package="org.eslint" time="0" tests="1" errors="0" name="/Users/fish/Desktop/17313/svelte_p/packages/svelte/src/compiler/phases/3-transform/client/visitors/shared/declarations.js">
<testcase time="0" name="/Users/fish/Desktop/17313/svelte_p/packages/svelte/src/compiler/phases/3-transform/client/visitors/shared/declarations.js" classname="/Users/fish/Desktop/17313/svelte_p/packages/svelte/src/compiler/phases/3-transform/client/visitors/shared/declarations" />
</testsuite>
<testsuite package="org.eslint" time="0" tests="1" errors="0" name="/Users/fish/Desktop/17313/svelte_p/packages/svelte/src/compiler/phases/3-transform/client/visitors/shared/element.js">
<testcase time="0" name="/Users/fish/Desktop/17313/svelte_p/packages/svelte/src/compiler/phases/3-transform/client/visitors/shared/element.js" classname="/Users/fish/Desktop/17313/svelte_p/packages/svelte/src/compiler/phases/3-transform/client/visitors/shared/element" />
</testsuite>
<testsuite package="org.eslint" time="0" tests="1" errors="0" name="/Users/fish/Desktop/17313/svelte_p/packages/svelte/src/compiler/phases/3-transform/client/visitors/shared/events.js">
<testcase time="0" name="/Users/fish/Desktop/17313/svelte_p/packages/svelte/src/compiler/phases/3-transform/client/visitors/shared/events.js" classname="/Users/fish/Desktop/17313/svelte_p/packages/svelte/src/compiler/phases/3-transform/client/visitors/shared/events" />
</testsuite>
<testsuite package="org.eslint" time="0" tests="1" errors="0" name="/Users/fish/Desktop/17313/svelte_p/packages/svelte/src/compiler/phases/3-transform/client/visitors/shared/fragment.js">
<testcase time="0" name="/Users/fish/Desktop/17313/svelte_p/packages/svelte/src/compiler/phases/3-transform/client/visitors/shared/fragment.js" classname="/Users/fish/Desktop/17313/svelte_p/packages/svelte/src/compiler/phases/3-transform/client/visitors/shared/fragment" />
</testsuite>
<testsuite package="org.eslint" time="0" tests="1" errors="0" name="/Users/fish/Desktop/17313/svelte_p/packages/svelte/src/compiler/phases/3-transform/client/visitors/shared/function.js">
<testcase time="0" name="/Users/fish/Desktop/17313/svelte_p/packages/svelte/src/compiler/phases/3-transform/client/visitors/shared/function.js" classname="/Users/fish/Desktop/17313/svelte_p/packages/svelte/src/compiler/phases/3-transform/client/visitors/shared/function" />
</testsuite>
<testsuite package="org.eslint" time="0" tests="1" errors="0" name="/Users/fish/Desktop/17313/svelte_p/packages/svelte/src/compiler/phases/3-transform/client/visitors/shared/special_element.js">
<testcase time="0" name="/Users/fish/Desktop/17313/svelte_p/packages/svelte/src/compiler/phases/3-transform/client/visitors/shared/special_element.js" classname="/Users/fish/Desktop/17313/svelte_p/packages/svelte/src/compiler/phases/3-transform/client/visitors/shared/special_element" />
</testsuite>
<testsuite package="org.eslint" time="0" tests="1" errors="0" name="/Users/fish/Desktop/17313/svelte_p/packages/svelte/src/compiler/phases/3-transform/client/visitors/shared/utils.js">
<testcase time="0" name="/Users/fish/Desktop/17313/svelte_p/packages/svelte/src/compiler/phases/3-transform/client/visitors/shared/utils.js" classname="/Users/fish/Desktop/17313/svelte_p/packages/svelte/src/compiler/phases/3-transform/client/visitors/shared/utils" />
</testsuite>
<testsuite package="org.eslint" time="0" tests="1" errors="0" name="/Users/fish/Desktop/17313/svelte_p/packages/svelte/src/compiler/phases/3-transform/css/index.js">
<testcase time="0" name="/Users/fish/Desktop/17313/svelte_p/packages/svelte/src/compiler/phases/3-transform/css/index.js" classname="/Users/fish/Desktop/17313/svelte_p/packages/svelte/src/compiler/phases/3-transform/css/index" />
</testsuite>
<testsuite package="org.eslint" time="0" tests="1" errors="0" name="/Users/fish/Desktop/17313/svelte_p/packages/svelte/src/compiler/phases/3-transform/index.js">
<testcase time="0" name="/Users/fish/Desktop/17313/svelte_p/packages/svelte/src/compiler/phases/3-transform/index.js" classname="/Users/fish/Desktop/17313/svelte_p/packages/svelte/src/compiler/phases/3-transform/index" />
</testsuite>
<testsuite package="org.eslint" time="0" tests="1" errors="0" name="/Users/fish/Desktop/17313/svelte_p/packages/svelte/src/compiler/phases/3-transform/server/transform-server.js">
<testcase time="0" name="/Users/fish/Desktop/17313/svelte_p/packages/svelte/src/compiler/phases/3-transform/server/transform-server.js" classname="/Users/fish/Desktop/17313/svelte_p/packages/svelte/src/compiler/phases/3-transform/server/transform-server" />
</testsuite>
<testsuite package="org.eslint" time="0" tests="1" errors="0" name="/Users/fish/Desktop/17313/svelte_p/packages/svelte/src/compiler/phases/3-transform/server/visitors/AssignmentExpression.js">
<testcase time="0" name="/Users/fish/Desktop/17313/svelte_p/packages/svelte/src/compiler/phases/3-transform/server/visitors/AssignmentExpression.js" classname="/Users/fish/Desktop/17313/svelte_p/packages/svelte/src/compiler/phases/3-transform/server/visitors/AssignmentExpression" />
</testsuite>
<testsuite package="org.eslint" time="0" tests="1" errors="0" name="/Users/fish/Desktop/17313/svelte_p/packages/svelte/src/compiler/phases/3-transform/server/visitors/AwaitBlock.js">
<testcase time="0" name="/Users/fish/Desktop/17313/svelte_p/packages/svelte/src/compiler/phases/3-transform/server/visitors/AwaitBlock.js" classname="/Users/fish/Desktop/17313/svelte_p/packages/svelte/src/compiler/phases/3-transform/server/visitors/AwaitBlock" />
</testsuite>
<testsuite package="org.eslint" time="0" tests="1" errors="0" name="/Users/fish/Desktop/17313/svelte_p/packages/svelte/src/compiler/phases/3-transform/server/visitors/AwaitExpression.js">
<testcase time="0" name="/Users/fish/Desktop/17313/svelte_p/packages/svelte/src/compiler/phases/3-transform/server/visitors/AwaitExpression.js" classname="/Users/fish/Desktop/17313/svelte_p/packages/svelte/src/compiler/phases/3-transform/server/visitors/AwaitExpression" />
</testsuite>
<testsuite package="org.eslint" time="0" tests="1" errors="0" name="/Users/fish/Desktop/17313/svelte_p/packages/svelte/src/compiler/phases/3-transform/server/visitors/CallExpression.js">
<testcase time="0" name="/Users/fish/Desktop/17313/svelte_p/packages/svelte/src/compiler/phases/3-transform/server/visitors/CallExpression.js" classname="/Users/fish/Desktop/17313/svelte_p/packages/svelte/src/compiler/phases/3-transform/server/visitors/CallExpression" />
</testsuite>
<testsuite package="org.eslint" time="0" tests="1" errors="0" name="/Users/fish/Desktop/17313/svelte_p/packages/svelte/src/compiler/phases/3-transform/server/visitors/ClassBody.js">
<testcase time="0" name="/Users/fish/Desktop/17313/svelte_p/packages/svelte/src/compiler/phases/3-transform/server/visitors/ClassBody.js" classname="/Users/fish/Desktop/17313/svelte_p/packages/svelte/src/compiler/phases/3-transform/server/visitors/ClassBody" />
</testsuite>
<testsuite package="org.eslint" time="0" tests="1" errors="0" name="/Users/fish/Desktop/17313/svelte_p/packages/svelte/src/compiler/phases/3-transform/server/visitors/Component.js">
<testcase time="0" name="/Users/fish/Desktop/17313/svelte_p/packages/svelte/src/compiler/phases/3-transform/server/visitors/Component.js" classname="/Users/fish/Desktop/17313/svelte_p/packages/svelte/src/compiler/phases/3-transform/server/visitors/Component" />
</testsuite>
<testsuite package="org.eslint" time="0" tests="1" errors="0" name="/Users/fish/Desktop/17313/svelte_p/packages/svelte/src/compiler/phases/3-transform/server/visitors/ConstTag.js">
<testcase time="0" name="/Users/fish/Desktop/17313/svelte_p/packages/svelte/src/compiler/phases/3-transform/server/visitors/ConstTag.js" classname="/Users/fish/Desktop/17313/svelte_p/packages/svelte/src/compiler/phases/3-transform/server/visitors/ConstTag" />
</testsuite>
<testsuite package="org.eslint" time="0" tests="1" errors="0" name="/Users/fish/Desktop/17313/svelte_p/packages/svelte/src/compiler/phases/3-transform/server/visitors/DebugTag.js">
<testcase time="0" name="/Users/fish/Desktop/17313/svelte_p/packages/svelte/src/compiler/phases/3-transform/server/visitors/DebugTag.js" classname="/Users/fish/Desktop/17313/svelte_p/packages/svelte/src/compiler/phases/3-transform/server/visitors/DebugTag" />
</testsuite>
<testsuite package="org.eslint" time="0" tests="1" errors="0" name="/Users/fish/Desktop/17313/svelte_p/packages/svelte/src/compiler/phases/3-transform/server/visitors/EachBlock.js">
[...]
<testcase time="0" name="/Users/fish/Desktop/17313/svelte_p/packages/svelte/src/internal/flags/async.js" classname="/Users/fish/Desktop/17313/svelte_p/packages/svelte/src/internal/flags/async" />
</testsuite>
<testsuite package="org.eslint" time="0" tests="1" errors="0" name="/Users/fish/Desktop/17313/svelte_p/packages/svelte/src/internal/flags/index.js">
<testcase time="0" name="/Users/fish/Desktop/17313/svelte_p/packages/svelte/src/internal/flags/index.js" classname="/Users/fish/Desktop/17313/svelte_p/packages/svelte/src/internal/flags/index" />
</testsuite>
<testsuite package="org.eslint" time="0" tests="1" errors="0" name="/Users/fish/Desktop/17313/svelte_p/packages/svelte/src/internal/flags/legacy.js">
<testcase time="0" name="/Users/fish/Desktop/17313/svelte_p/packages/svelte/src/internal/flags/legacy.js" classname="/Users/fish/Desktop/17313/svelte_p/packages/svelte/src/internal/flags/legacy" />
</testsuite>
<testsuite package="org.eslint" time="0" tests="1" errors="0" name="/Users/fish/Desktop/17313/svelte_p/packages/svelte/src/internal/flags/tracing.js">
<testcase time="0" name="/Users/fish/Desktop/17313/svelte_p/packages/svelte/src/internal/flags/tracing.js" classname="/Users/fish/Desktop/17313/svelte_p/packages/svelte/src/internal/flags/tracing" />
</testsuite>
<testsuite package="org.eslint" time="0" tests="1" errors="0" name="/Users/fish/Desktop/17313/svelte_p/packages/svelte/src/internal/index.js">
<testcase time="0" name="/Users/fish/Desktop/17313/svelte_p/packages/svelte/src/internal/index.js" classname="/Users/fish/Desktop/17313/svelte_p/packages/svelte/src/internal/index" />
</testsuite>
<testsuite package="org.eslint" time="0" tests="1" errors="0" name="/Users/fish/Desktop/17313/svelte_p/packages/svelte/src/internal/server/abort-signal.js">
<testcase time="0" name="/Users/fish/Desktop/17313/svelte_p/packages/svelte/src/internal/server/abort-signal.js" classname="/Users/fish/Desktop/17313/svelte_p/packages/svelte/src/internal/server/abort-signal" />
</testsuite>
<testsuite package="org.eslint" time="0" tests="1" errors="0" name="/Users/fish/Desktop/17313/svelte_p/packages/svelte/src/internal/server/blocks/html.js">
<testcase time="0" name="/Users/fish/Desktop/17313/svelte_p/packages/svelte/src/internal/server/blocks/html.js" classname="/Users/fish/Desktop/17313/svelte_p/packages/svelte/src/internal/server/blocks/html" />
</testsuite>
<testsuite package="org.eslint" time="0" tests="1" errors="0" name="/Users/fish/Desktop/17313/svelte_p/packages/svelte/src/internal/server/blocks/snippet.js">
<testcase time="0" name="/Users/fish/Desktop/17313/svelte_p/packages/svelte/src/internal/server/blocks/snippet.js" classname="/Users/fish/Desktop/17313/svelte_p/packages/svelte/src/internal/server/blocks/snippet" />
</testsuite>
<testsuite package="org.eslint" time="0" tests="1" errors="0" name="/Users/fish/Desktop/17313/svelte_p/packages/svelte/src/internal/server/context.js">
<testcase time="0" name="/Users/fish/Desktop/17313/svelte_p/packages/svelte/src/internal/server/context.js" classname="/Users/fish/Desktop/17313/svelte_p/packages/svelte/src/internal/server/context" />
</testsuite>
<testsuite package="org.eslint" time="0" tests="1" errors="0" name="/Users/fish/Desktop/17313/svelte_p/packages/svelte/src/internal/server/crypto.js">
<testcase time="0" name="/Users/fish/Desktop/17313/svelte_p/packages/svelte/src/internal/server/crypto.js" classname="/Users/fish/Desktop/17313/svelte_p/packages/svelte/src/internal/server/crypto" />
</testsuite>
<testsuite package="org.eslint" time="0" tests="1" errors="0" name="/Users/fish/Desktop/17313/svelte_p/packages/svelte/src/internal/server/crypto.test.ts">
<testcase time="0" name="/Users/fish/Desktop/17313/svelte_p/packages/svelte/src/internal/server/crypto.test.ts" classname="/Users/fish/Desktop/17313/svelte_p/packages/svelte/src/internal/server/crypto.test" />
</testsuite>
<testsuite package="org.eslint" time="0" tests="1" errors="0" name="/Users/fish/Desktop/17313/svelte_p/packages/svelte/src/internal/server/dev.js">
<testcase time="0" name="/Users/fish/Desktop/17313/svelte_p/packages/svelte/src/internal/server/dev.js" classname="/Users/fish/Desktop/17313/svelte_p/packages/svelte/src/internal/server/dev" />
</testsuite>
<testsuite package="org.eslint" time="0" tests="1" errors="0" name="/Users/fish/Desktop/17313/svelte_p/packages/svelte/src/internal/server/errors.js">
<testcase time="0" name="/Users/fish/Desktop/17313/svelte_p/packages/svelte/src/internal/server/errors.js" classname="/Users/fish/Desktop/17313/svelte_p/packages/svelte/src/internal/server/errors" />
</testsuite>
<testsuite package="org.eslint" time="0" tests="1" errors="0" name="/Users/fish/Desktop/17313/svelte_p/packages/svelte/src/internal/server/hydratable.js">
<testcase time="0" name="/Users/fish/Desktop/17313/svelte_p/packages/svelte/src/internal/server/hydratable.js" classname="/Users/fish/Desktop/17313/svelte_p/packages/svelte/src/internal/server/hydratable" />
</testsuite>
<testsuite package="org.eslint" time="0" tests="1" errors="0" name="/Users/fish/Desktop/17313/svelte_p/packages/svelte/src/internal/server/hydration.js">
<testcase time="0" name="/Users/fish/Desktop/17313/svelte_p/packages/svelte/src/internal/server/hydration.js" classname="/Users/fish/Desktop/17313/svelte_p/packages/svelte/src/internal/server/hydration" />
</testsuite>
<testsuite package="org.eslint" time="0" tests="1" errors="0" name="/Users/fish/Desktop/17313/svelte_p/packages/svelte/src/internal/server/index.js">
<testcase time="0" name="/Users/fish/Desktop/17313/svelte_p/packages/svelte/src/internal/server/index.js" classname="/Users/fish/Desktop/17313/svelte_p/packages/svelte/src/internal/server/index" />
</testsuite>
<testsuite package="org.eslint" time="0" tests="1" errors="0" name="/Users/fish/Desktop/17313/svelte_p/packages/svelte/src/internal/server/render-context.js">
<testcase time="0" name="/Users/fish/Desktop/17313/svelte_p/packages/svelte/src/internal/server/render-context.js" classname="/Users/fish/Desktop/17313/svelte_p/packages/svelte/src/internal/server/render-context" />
</testsuite>
<testsuite package="org.eslint" time="0" tests="1" errors="0" name="/Users/fish/Desktop/17313/svelte_p/packages/svelte/src/internal/server/renderer.js">
<testcase time="0" name="/Users/fish/Desktop/17313/svelte_p/packages/svelte/src/internal/server/renderer.js" classname="/Users/fish/Desktop/17313/svelte_p/packages/svelte/src/internal/server/renderer" />
</testsuite>
<testsuite package="org.eslint" time="0" tests="1" errors="0" name="/Users/fish/Desktop/17313/svelte_p/packages/svelte/src/internal/server/renderer.test.ts">
<testcase time="0" name="/Users/fish/Desktop/17313/svelte_p/packages/svelte/src/internal/server/renderer.test.ts" classname="/Users/fish/Desktop/17313/svelte_p/packages/svelte/src/internal/server/renderer.test" />
</testsuite>
<testsuite package="org.eslint" time="0" tests="1" errors="0" name="/Users/fish/Desktop/17313/svelte_p/packages/svelte/src/internal/shared/attributes.js">
<testcase time="0" name="/Users/fish/Desktop/17313/svelte_p/packages/svelte/src/internal/shared/attributes.js" classname="/Users/fish/Desktop/17313/svelte_p/packages/svelte/src/internal/shared/attributes" />
</testsuite>
<testsuite package="org.eslint" time="0" tests="1" errors="0" name="/Users/fish/Desktop/17313/svelte_p/packages/svelte/src/internal/shared/clone.js">
<testcase time="0" name="/Users/fish/Desktop/17313/svelte_p/packages/svelte/src/internal/shared/clone.js" classname="/Users/fish/Desktop/17313/svelte_p/packages/svelte/src/internal/shared/clone" />
</testsuite>
<testsuite package="org.eslint" time="0" tests="1" errors="0" name="/Users/fish/Desktop/17313/svelte_p/packages/svelte/src/internal/shared/clone.test.ts">
<testcase time="0" name="/Users/fish/Desktop/17313/svelte_p/packages/svelte/src/internal/shared/clone.test.ts" classname="/Users/fish/Desktop/17313/svelte_p/packages/svelte/src/internal/shared/clone.test" />
</testsuite>
<testsuite package="org.eslint" time="0" tests="1" errors="0" name="/Users/fish/Desktop/17313/svelte_p/packages/svelte/src/internal/shared/dev.js">
<testcase time="0" name="/Users/fish/Desktop/17313/svelte_p/packages/svelte/src/internal/shared/dev.js" classname="/Users/fish/Desktop/17313/svelte_p/packages/svelte/src/internal/shared/dev" />
</testsuite>
<testsuite package="org.eslint" time="0" tests="1" errors="0" name="/Users/fish/Desktop/17313/svelte_p/packages/svelte/src/internal/shared/errors.js">
<testcase time="0" name="/Users/fish/Desktop/17313/svelte_p/packages/svelte/src/internal/shared/errors.js" classname="/Users/fish/Desktop/17313/svelte_p/packages/svelte/src/internal/shared/errors" />
</testsuite>
<testsuite package="org.eslint" time="0" tests="1" errors="0" name="/Users/fish/Desktop/17313/svelte_p/packages/svelte/src/internal/shared/utils.js">
<testcase time="0" name="/Users/fish/Desktop/17313/svelte_p/packages/svelte/src/internal/shared/utils.js" classname="/Users/fish/Desktop/17313/svelte_p/packages/svelte/src/internal/shared/utils" />
</testsuite>
<testsuite package="org.eslint" time="0" tests="1" errors="0" name="/Users/fish/Desktop/17313/svelte_p/packages/svelte/src/internal/shared/validate.js">
<testcase time="0" name="/Users/fish/Desktop/17313/svelte_p/packages/svelte/src/internal/shared/validate.js" classname="/Users/fish/Desktop/17313/svelte_p/packages/svelte/src/internal/shared/validate" />
</testsuite>
<testsuite package="org.eslint" time="0" tests="1" errors="0" name="/Users/fish/Desktop/17313/svelte_p/packages/svelte/src/legacy/legacy-client.js">
<testcase time="0" name="/Users/fish/Desktop/17313/svelte_p/packages/svelte/src/legacy/legacy-client.js" classname="/Users/fish/Desktop/17313/svelte_p/packages/svelte/src/legacy/legacy-client" />
</testsuite>
<testsuite package="org.eslint" time="0" tests="1" errors="0" name="/Users/fish/Desktop/17313/svelte_p/packages/svelte/src/legacy/legacy-server.js">
<testcase time="0" name="/Users/fish/Desktop/17313/svelte_p/packages/svelte/src/legacy/legacy-server.js" classname="/Users/fish/Desktop/17313/svelte_p/packages/svelte/src/legacy/legacy-server" />
</testsuite>
<testsuite package="org.eslint" time="0" tests="1" errors="0" name="/Users/fish/Desktop/17313/svelte_p/packages/svelte/src/motion/index.js">
<testcase time="0" name="/Users/fish/Desktop/17313/svelte_p/packages/svelte/src/motion/index.js" classname="/Users/fish/Desktop/17313/svelte_p/packages/svelte/src/motion/index" />
</testsuite>
<testsuite package="org.eslint" time="0" tests="1" errors="0" name="/Users/fish/Desktop/17313/svelte_p/packages/svelte/src/motion/spring.js">
<testcase time="0" name="/Users/fish/Desktop/17313/svelte_p/packages/svelte/src/motion/spring.js" classname="/Users/fish/Desktop/17313/svelte_p/packages/svelte/src/motion/spring" />
</testsuite>
<testsuite package="org.eslint" time="0" tests="1" errors="0" name="/Users/fish/Desktop/17313/svelte_p/packages/svelte/src/motion/tweened.js">
<testcase time="0" name="/Users/fish/Desktop/17313/svelte_p/packages/svelte/src/motion/tweened.js" classname="/Users/fish/Desktop/17313/svelte_p/packages/svelte/src/motion/tweened" />
</testsuite>
<testsuite package="org.eslint" time="0" tests="1" errors="0" name="/Users/fish/Desktop/17313/svelte_p/packages/svelte/src/motion/utils.js">
<testcase time="0" name="/Users/fish/Desktop/17313/svelte_p/packages/svelte/src/motion/utils.js" classname="/Users/fish/Desktop/17313/svelte_p/packages/svelte/src/motion/utils" />
</testsuite>
<testsuite package="org.eslint" time="0" tests="1" errors="0" name="/Users/fish/Desktop/17313/svelte_p/packages/svelte/src/reactivity/create-subscriber.js">
<testcase time="0" name="/Users/fish/Desktop/17313/svelte_p/packages/svelte/src/reactivity/create-subscriber.js" classname="/Users/fish/Desktop/17313/svelte_p/packages/svelte/src/reactivity/create-subscriber" />
</testsuite>
<testsuite package="org.eslint" time="0" tests="1" errors="0" name="/Users/fish/Desktop/17313/svelte_p/packages/svelte/src/reactivity/date.js">
<testcase time="0" name="/Users/fish/Desktop/17313/svelte_p/packages/svelte/src/reactivity/date.js" classname="/Users/fish/Desktop/17313/svelte_p/packages/svelte/src/reactivity/date" />
</testsuite>
<testsuite package="org.eslint" time="0" tests="1" errors="0" name="/Users/fish/Desktop/17313/svelte_p/packages/svelte/src/reactivity/date.test.ts">
<testcase time="0" name="/Users/fish/Desktop/17313/svelte_p/packages/svelte/src/reactivity/date.test.ts" classname="/Users/fish/Desktop/17313/svelte_p/packages/svelte/src/reactivity/date.test" />
</testsuite>
<testsuite package="org.eslint" time="0" tests="1" errors="0" name="/Users/fish/Desktop/17313/svelte_p/packages/svelte/src/reactivity/index-client.js">
<testcase time="0" name="/Users/fish/Desktop/17313/svelte_p/packages/svelte/src/reactivity/index-client.js" classname="/Users/fish/Desktop/17313/svelte_p/packages/svelte/src/reactivity/index-client" />
</testsuite>
<testsuite package="org.eslint" time="0" tests="1" errors="0" name="/Users/fish/Desktop/17313/svelte_p/packages/svelte/src/reactivity/index-server.js">
<testcase time="0" name="/Users/fish/Desktop/17313/svelte_p/packages/svelte/src/reactivity/index-server.js" classname="/Users/fish/Desktop/17313/svelte_p/packages/svelte/src/reactivity/index-server" />
</testsuite>
<testsuite package="org.eslint" time="0" tests="1" errors="0" name="/Users/fish/Desktop/17313/svelte_p/packages/svelte/src/reactivity/map.js">
<testcase time="0" name="/Users/fish/Desktop/17313/svelte_p/packages/svelte/src/reactivity/map.js" classname="/Users/fish/Desktop/17313/svelte_p/packages/svelte/src/reactivity/map" />
</testsuite>
<testsuite package="org.eslint" time="0" tests="1" errors="0" name="/Users/fish/Desktop/17313/svelte_p/packages/svelte/src/reactivity/map.test.ts">
<testcase time="0" name="/Users/fish/Desktop/17313/svelte_p/packages/svelte/src/reactivity/map.test.ts" classname="/Users/fish/Desktop/17313/svelte_p/packages/svelte/src/reactivity/map.test" />
</testsuite>
<testsuite package="org.eslint" time="0" tests="1" errors="0" name="/Users/fish/Desktop/17313/svelte_p/packages/svelte/src/reactivity/media-query.js">
<testcase time="0" name="/Users/fish/Desktop/17313/svelte_p/packages/svelte/src/reactivity/media-query.js" classname="/Users/fish/Desktop/17313/svelte_p/packages/svelte/src/reactivity/media-query" />
</testsuite>
<testsuite package="org.eslint" time="0" tests="1" errors="0" name="/Users/fish/Desktop/17313/svelte_p/packages/svelte/src/reactivity/reactive-value.js">
<testcase time="0" name="/Users/fish/Desktop/17313/svelte_p/packages/svelte/src/reactivity/reactive-value.js" classname="/Users/fish/Desktop/17313/svelte_p/packages/svelte/src/reactivity/reactive-value" />
</testsuite>
<testsuite package="org.eslint" time="0" tests="1" errors="0" name="/Users/fish/Desktop/17313/svelte_p/packages/svelte/src/reactivity/set.js">
<testcase time="0" name="/Users/fish/Desktop/17313/svelte_p/packages/svelte/src/reactivity/set.js" classname="/Users/fish/Desktop/17313/svelte_p/packages/svelte/src/reactivity/set" />
</testsuite>
<testsuite package="org.eslint" time="0" tests="1" errors="0" name="/Users/fish/Desktop/17313/svelte_p/packages/svelte/src/reactivity/set.test.ts">
<testcase time="0" name="/Users/fish/Desktop/17313/svelte_p/packages/svelte/src/reactivity/set.test.ts" classname="/Users/fish/Desktop/17313/svelte_p/packages/svelte/src/reactivity/set.test" />
</testsuite>
<testsuite package="org.eslint" time="0" tests="1" errors="0" name="/Users/fish/Desktop/17313/svelte_p/packages/svelte/src/reactivity/url-search-params.js">
<testcase time="0" name="/Users/fish/Desktop/17313/svelte_p/packages/svelte/src/reactivity/url-search-params.js" classname="/Users/fish/Desktop/17313/svelte_p/packages/svelte/src/reactivity/url-search-params" />
</testsuite>
<testsuite package="org.eslint" time="0" tests="1" errors="0" name="/Users/fish/Desktop/17313/svelte_p/packages/svelte/src/reactivity/url-search-params.test.ts">
<testcase time="0" name="/Users/fish/Desktop/17313/svelte_p/packages/svelte/src/reactivity/url-search-params.test.ts" classname="/Users/fish/Desktop/17313/svelte_p/packages/svelte/src/reactivity/url-search-params.test" />
</testsuite>
<testsuite package="org.eslint" time="0" tests="1" errors="0" name="/Users/fish/Desktop/17313/svelte_p/packages/svelte/src/reactivity/url.js">
<testcase time="0" name="/Users/fish/Desktop/17313/svelte_p/packages/svelte/src/reactivity/url.js" classname="/Users/fish/Desktop/17313/svelte_p/packages/svelte/src/reactivity/url" />
</testsuite>
<testsuite package="org.eslint" time="0" tests="1" errors="0" name="/Users/fish/Desktop/17313/svelte_p/packages/svelte/src/reactivity/url.test.ts">
<testcase time="0" name="/Users/fish/Desktop/17313/svelte_p/packages/svelte/src/reactivity/url.test.ts" classname="/Users/fish/Desktop/17313/svelte_p/packages/svelte/src/reactivity/url.test" />
</testsuite>
<testsuite package="org.eslint" time="0" tests="1" errors="0" name="/Users/fish/Desktop/17313/svelte_p/packages/svelte/src/reactivity/window/index.js">
<testcase time="0" name="/Users/fish/Desktop/17313/svelte_p/packages/svelte/src/reactivity/window/index.js" classname="/Users/fish/Desktop/17313/svelte_p/packages/svelte/src/reactivity/window/index" />
</testsuite>
<testsuite package="org.eslint" time="0" tests="1" errors="0" name="/Users/fish/Desktop/17313/svelte_p/packages/svelte/src/server/index.js">
<testcase time="0" name="/Users/fish/Desktop/17313/svelte_p/packages/svelte/src/server/index.js" classname="/Users/fish/Desktop/17313/svelte_p/packages/svelte/src/server/index" />
</testsuite>
<testsuite package="org.eslint" time="0" tests="1" errors="0" name="/Users/fish/Desktop/17313/svelte_p/packages/svelte/src/store/index-client.js">
<testcase time="0" name="/Users/fish/Desktop/17313/svelte_p/packages/svelte/src/store/index-client.js" classname="/Users/fish/Desktop/17313/svelte_p/packages/svelte/src/store/index-client" />
</testsuite>
<testsuite package="org.eslint" time="0" tests="1" errors="0" name="/Users/fish/Desktop/17313/svelte_p/packages/svelte/src/store/index-server.js">
<testcase time="0" name="/Users/fish/Desktop/17313/svelte_p/packages/svelte/src/store/index-server.js" classname="/Users/fish/Desktop/17313/svelte_p/packages/svelte/src/store/index-server" />
</testsuite>
<testsuite package="org.eslint" time="0" tests="1" errors="0" name="/Users/fish/Desktop/17313/svelte_p/packages/svelte/src/store/shared/index.js">
<testcase time="0" name="/Users/fish/Desktop/17313/svelte_p/packages/svelte/src/store/shared/index.js" classname="/Users/fish/Desktop/17313/svelte_p/packages/svelte/src/store/shared/index" />
</testsuite>
<testsuite package="org.eslint" time="0" tests="1" errors="0" name="/Users/fish/Desktop/17313/svelte_p/packages/svelte/src/store/utils.js">
<testcase time="0" name="/Users/fish/Desktop/17313/svelte_p/packages/svelte/src/store/utils.js" classname="/Users/fish/Desktop/17313/svelte_p/packages/svelte/src/store/utils" />
</testsuite>
<testsuite package="org.eslint" time="0" tests="1" errors="0" name="/Users/fish/Desktop/17313/svelte_p/packages/svelte/src/transition/index.js">
<testcase time="0" name="/Users/fish/Desktop/17313/svelte_p/packages/svelte/src/transition/index.js" classname="/Users/fish/Desktop/17313/svelte_p/packages/svelte/src/transition/index" />
</testsuite>
<testsuite package="org.eslint" time="0" tests="1" errors="0" name="/Users/fish/Desktop/17313/svelte_p/packages/svelte/src/utils.js">
<testcase time="0" name="/Users/fish/Desktop/17313/svelte_p/packages/svelte/src/utils.js" classname="/Users/fish/Desktop/17313/svelte_p/packages/svelte/src/utils" />
</testsuite>
<testsuite package="org.eslint" time="0" tests="1" errors="0" name="/Users/fish/Desktop/17313/svelte_p/packages/svelte/src/version.js">
<testcase time="0" name="/Users/fish/Desktop/17313/svelte_p/packages/svelte/src/version.js" classname="/Users/fish/Desktop/17313/svelte_p/packages/svelte/src/version" />
</testsuite>
</testsuites>
